# JRE version: OpenJDK Runtime Environment (8.0_202) (build 1.8.0_202-release-1483-b49-5587405)
# Java VM: OpenJDK 64-Bit Server VM (25.202-b49-5587405 mixed mode linux-amd64 compressed oops)
Heap:
 PSYoungGen      total 230400K, used 184435K [0x00000000e0000000, 0x00000000f1200000, 0x0000000100000000)
  eden space 199680K, 85% used [0x00000000e0000000,0x00000000ea750ca8,0x00000000ec300000)
  from space 30720K, 42% used [0x00000000ee080000,0x00000000eed4c050,0x00000000efe80000)
  to   space 30208K, 0% used [0x00000000ec300000,0x00000000ec300000,0x00000000ee080000)
 ParOldGen       total 161280K, used 79886K [0x00000000a0000000, 0x00000000a9d80000, 0x00000000e0000000)
  object space 161280K, 49% used [0x00000000a0000000,0x00000000a4e038b8,0x00000000a9d80000)
 Metaspace       used 90051K, capacity 95208K, committed 95488K, reserved 1132544K
  class space    used 11734K, capacity 12678K, committed 12800K, reserved 1048576K
GC Heap History (10 events):
Event: 2443,049 GC heap before
{Heap before GC invocations=23 (full 3):
 PSYoungGen      total 188928K, used 188625K [0x00000000e0000000, 0x00000000eeb00000, 0x0000000100000000)
  eden space 172032K, 100% used [0x00000000e0000000,0x00000000ea800000,0x00000000ea800000)
  from space 16896K, 98% used [0x00000000ead00000,0x00000000ebd34508,0x00000000ebd80000)
  to   space 34304K, 0% used [0x00000000ec980000,0x00000000ec980000,0x00000000eeb00000)
 ParOldGen       total 161280K, used 78954K [0x00000000a0000000, 0x00000000a9d80000, 0x00000000e0000000)
  object space 161280K, 48% used [0x00000000a0000000,0x00000000a4d1a8a8,0x00000000a9d80000)
 Metaspace       used 89122K, capacity 94098K, committed 94336K, reserved 1130496K
  class space    used 11689K, capacity 12609K, committed 12672K, reserved 1048576K
Event: 2443,096 GC heap after
Heap after GC invocations=23 (full 3):
 PSYoungGen      total 207360K, used 19713K [0x00000000e0000000, 0x00000000f0900000, 0x0000000100000000)
  eden space 173056K, 0% used [0x00000000e0000000,0x00000000e0000000,0x00000000ea900000)
  from space 34304K, 57% used [0x00000000ec980000,0x00000000edcc04f8,0x00000000eeb00000)
  to   space 33280K, 0% used [0x00000000ea900000,0x00000000ea900000,0x00000000ec980000)
 ParOldGen       total 161280K, used 78954K [0x00000000a0000000, 0x00000000a9d80000, 0x00000000e0000000)
  object space 161280K, 48% used [0x00000000a0000000,0x00000000a4d1a8a8,0x00000000a9d80000)
 Metaspace       used 89122K, capacity 94098K, committed 94336K, reserved 1130496K
  class space    used 11689K, capacity 12609K, committed 12672K, reserved 1048576K
}
Event: 2476,967 GC heap before
{Heap before GC invocations=24 (full 3):
 PSYoungGen      total 207360K, used 192769K [0x00000000e0000000, 0x00000000f0900000, 0x0000000100000000)
  eden space 173056K, 100% used [0x00000000e0000000,0x00000000ea900000,0x00000000ea900000)
  from space 34304K, 57% used [0x00000000ec980000,0x00000000edcc04f8,0x00000000eeb00000)
  to   space 33280K, 0% used [0x00000000ea900000,0x00000000ea900000,0x00000000ec980000)
 ParOldGen       total 161280K, used 78954K [0x00000000a0000000, 0x00000000a9d80000, 0x00000000e0000000)
  object space 161280K, 48% used [0x00000000a0000000,0x00000000a4d1a8a8,0x00000000a9d80000)
 Metaspace       used 89334K, capacity 94422K, committed 94592K, reserved 1130496K
  class space    used 11707K, capacity 12669K, committed 12672K, reserved 1048576K
Event: 2477,018 GC heap after
Heap after GC invocations=24 (full 3):
 PSYoungGen      total 206336K, used 14144K [0x00000000e0000000, 0x00000000f0500000, 0x0000000100000000)
  eden space 173056K, 0% used [0x00000000e0000000,0x00000000e0000000,0x00000000ea900000)
  from space 33280K, 42% used [0x00000000ea900000,0x00000000eb6d0060,0x00000000ec980000)
  to   space 32768K, 0% used [0x00000000ee500000,0x00000000ee500000,0x00000000f0500000)
 ParOldGen       total 161280K, used 78962K [0x00000000a0000000, 0x00000000a9d80000, 0x00000000e0000000)
  object space 161280K, 48% used [0x00000000a0000000,0x00000000a4d1c8a8,0x00000000a9d80000)
 Metaspace       used 89334K, capacity 94422K, committed 94592K, reserved 1130496K
  class space    used 11707K, capacity 12669K, committed 12672K, reserved 1048576K
}
Event: 2649,032 GC heap before
{Heap before GC invocations=25 (full 3):
 PSYoungGen      total 206336K, used 187200K [0x00000000e0000000, 0x00000000f0500000, 0x0000000100000000)
  eden space 173056K, 100% used [0x00000000e0000000,0x00000000ea900000,0x00000000ea900000)
  from space 33280K, 42% used [0x00000000ea900000,0x00000000eb6d0060,0x00000000ec980000)
  to   space 32768K, 0% used [0x00000000ee500000,0x00000000ee500000,0x00000000f0500000)
 ParOldGen       total 161280K, used 78962K [0x00000000a0000000, 0x00000000a9d80000, 0x00000000e0000000)
  object space 161280K, 48% used [0x00000000a0000000,0x00000000a4d1c8a8,0x00000000a9d80000)
 Metaspace       used 89494K, capacity 94642K, committed 94976K, reserved 1132544K
  class space    used 11710K, capacity 12673K, committed 12800K, reserved 1048576K
Event: 2649,094 GC heap after
Heap after GC invocations=25 (full 3):
 PSYoungGen      total 185856K, used 17553K [0x00000000e0000000, 0x00000000ef680000, 0x0000000100000000)
  eden space 167936K, 0% used [0x00000000e0000000,0x00000000e0000000,0x00000000ea400000)
  from space 17920K, 97% used [0x00000000ee500000,0x00000000ef6244e8,0x00000000ef680000)
  to   space 31232K, 0% used [0x00000000eb980000,0x00000000eb980000,0x00000000ed800000)
 ParOldGen       total 161280K, used 78970K [0x00000000a0000000, 0x00000000a9d80000, 0x00000000e0000000)
  object space 161280K, 48% used [0x00000000a0000000,0x00000000a4d1e8a8,0x00000000a9d80000)
 Metaspace       used 89494K, capacity 94642K, committed 94976K, reserved 1132544K
  class space    used 11710K, capacity 12673K, committed 12800K, reserved 1048576K
}
Event: 2650,428 GC heap before
{Heap before GC invocations=26 (full 3):
 PSYoungGen      total 185856K, used 185489K [0x00000000e0000000, 0x00000000ef680000, 0x0000000100000000)
  eden space 167936K, 100% used [0x00000000e0000000,0x00000000ea400000,0x00000000ea400000)
  from space 17920K, 97% used [0x00000000ee500000,0x00000000ef6244e8,0x00000000ef680000)
  to   space 31232K, 0% used [0x00000000eb980000,0x00000000eb980000,0x00000000ed800000)
 ParOldGen       total 161280K, used 78970K [0x00000000a0000000, 0x00000000a9d80000, 0x00000000e0000000)
  object space 161280K, 48% used [0x00000000a0000000,0x00000000a4d1e8a8,0x00000000a9d80000)
 Metaspace       used 89617K, capacity 94724K, committed 94976K, reserved 1132544K
  class space    used 11712K, capacity 12674K, committed 12800K, reserved 1048576K
Event: 2650,475 GC heap after
Heap after GC invocations=26 (full 3):
 PSYoungGen      total 221184K, used 19665K [0x00000000e0000000, 0x00000000efe80000, 0x0000000100000000)
  eden space 189952K, 0% used [0x00000000e0000000,0x00000000e0000000,0x00000000eb980000)
  from space 31232K, 62% used [0x00000000eb980000,0x00000000eccb4538,0x00000000ed800000)
  to   space 30720K, 0% used [0x00000000ee080000,0x00000000ee080000,0x00000000efe80000)
 ParOldGen       total 161280K, used 78978K [0x00000000a0000000, 0x00000000a9d80000, 0x00000000e0000000)
  object space 161280K, 48% used [0x00000000a0000000,0x00000000a4d208a8,0x00000000a9d80000)
 Metaspace       used 89617K, capacity 94724K, committed 94976K, reserved 1132544K
  class space    used 11712K, capacity 12674K, committed 12800K, reserved 1048576K
}
Event: 2765,480 GC heap before
{Heap before GC invocations=27 (full 3):
 PSYoungGen      total 221184K, used 209617K [0x00000000e0000000, 0x00000000efe80000, 0x0000000100000000)
  eden space 189952K, 100% used [0x00000000e0000000,0x00000000eb980000,0x00000000eb980000)
  from space 31232K, 62% used [0x00000000eb980000,0x00000000eccb4538,0x00000000ed800000)
  to   space 30720K, 0% used [0x00000000ee080000,0x00000000ee080000,0x00000000efe80000)
 ParOldGen       total 161280K, used 78978K [0x00000000a0000000, 0x00000000a9d80000, 0x00000000e0000000)
  object space 161280K, 48% used [0x00000000a0000000,0x00000000a4d208a8,0x00000000a9d80000)
 Metaspace       used 89960K, capacity 95140K, committed 95488K, reserved 1132544K
  class space    used 11734K, capacity 12678K, committed 12800K, reserved 1048576K
Event: 2765,520 GC heap after
Heap after GC invocations=27 (full 3):
 PSYoungGen      total 230400K, used 13104K [0x00000000e0000000, 0x00000000f1200000, 0x0000000100000000)
  eden space 199680K, 0% used [0x00000000e0000000,0x00000000e0000000,0x00000000ec300000)
  from space 30720K, 42% used [0x00000000ee080000,0x00000000eed4c050,0x00000000efe80000)
  to   space 30208K, 0% used [0x00000000ec300000,0x00000000ec300000,0x00000000ee080000)
 ParOldGen       total 161280K, used 79886K [0x00000000a0000000, 0x00000000a9d80000, 0x00000000e0000000)
  object space 161280K, 49% used [0x00000000a0000000,0x00000000a4e038b8,0x00000000a9d80000)
 Metaspace       used 89960K, capacity 95140K, committed 95488K, reserved 1132544K
  class space    used 11734K, capacity 12678K, committed 12800K, reserved 1048576K
}

