# JRE version: OpenJDK Runtime Environment (8.0_202) (build 1.8.0_202-release-1483-b49-5587405)
# Java VM: OpenJDK 64-Bit Server VM (25.202-b49-5587405 mixed mode linux-amd64 compressed oops)
Heap:
 PSYoungGen      total 199168K, used 179377K [0x00000000e0000000, 0x00000000ef180000, 0x0000000100000000)
  eden space 169984K, 100% used [0x00000000e0000000,0x00000000ea600000,0x00000000ea600000)
  from space 29184K, 32% used [0x00000000ea600000,0x00000000eaf2c4c8,0x00000000ec280000)
  to   space 28672K, 35% used [0x00000000ed580000,0x00000000edf54040,0x00000000ef180000)
 ParOldGen       total 139776K, used 100462K [0x00000000a0000000, 0x00000000a8880000, 0x00000000e0000000)
  object space 139776K, 71% used [0x00000000a0000000,0x00000000a621b808,0x00000000a8880000)
 Metaspace       used 90377K, capacity 95658K, committed 95744K, reserved 1132544K
  class space    used 11771K, capacity 12745K, committed 12800K, reserved 1048576K
GC Heap History (10 events):
Event: 4816,012 GC heap after
Heap after GC invocations=36 (full 3):
 PSYoungGen      total 163840K, used 11633K [0x00000000e0000000, 0x00000000ecd00000, 0x0000000100000000)
  eden space 133120K, 0% used [0x00000000e0000000,0x00000000e0000000,0x00000000e8200000)
  from space 30720K, 37% used [0x00000000e8200000,0x00000000e8d5c4a8,0x00000000ea000000)
  to   space 29696K, 0% used [0x00000000eb000000,0x00000000eb000000,0x00000000ecd00000)
 ParOldGen       total 139776K, used 99981K [0x00000000a0000000, 0x00000000a8880000, 0x00000000e0000000)
  object space 139776K, 71% used [0x00000000a0000000,0x00000000a61a37f8,0x00000000a8880000)
 Metaspace       used 89583K, capacity 94460K, committed 94592K, reserved 1130496K
  class space    used 11720K, capacity 12654K, committed 12672K, reserved 1048576K
}
Event: 4817,451 GC heap before
{Heap before GC invocations=37 (full 3):
 PSYoungGen      total 163840K, used 144753K [0x00000000e0000000, 0x00000000ecd00000, 0x0000000100000000)
  eden space 133120K, 100% used [0x00000000e0000000,0x00000000e8200000,0x00000000e8200000)
  from space 30720K, 37% used [0x00000000e8200000,0x00000000e8d5c4a8,0x00000000ea000000)
  to   space 29696K, 0% used [0x00000000eb000000,0x00000000eb000000,0x00000000ecd00000)
 ParOldGen       total 139776K, used 99981K [0x00000000a0000000, 0x00000000a8880000, 0x00000000e0000000)
  object space 139776K, 71% used [0x00000000a0000000,0x00000000a61a37f8,0x00000000a8880000)
 Metaspace       used 89760K, capacity 94806K, committed 94976K, reserved 1132544K
  class space    used 11745K, capacity 12701K, committed 12800K, reserved 1048576K
Event: 4817,524 GC heap after
Heap after GC invocations=37 (full 3):
 PSYoungGen      total 180224K, used 17952K [0x00000000e0000000, 0x00000000ecf80000, 0x0000000100000000)
  eden space 150528K, 0% used [0x00000000e0000000,0x00000000e0000000,0x00000000e9300000)
  from space 29696K, 60% used [0x00000000eb000000,0x00000000ec188308,0x00000000ecd00000)
  to   space 29696K, 0% used [0x00000000e9300000,0x00000000e9300000,0x00000000eb000000)
 ParOldGen       total 139776K, used 100037K [0x00000000a0000000, 0x00000000a8880000, 0x00000000e0000000)
  object space 139776K, 71% used [0x00000000a0000000,0x00000000a61b17f8,0x00000000a8880000)
 Metaspace       used 89760K, capacity 94806K, committed 94976K, reserved 1132544K
  class space    used 11745K, capacity 12701K, committed 12800K, reserved 1048576K
}
Event: 5167,259 GC heap before
{Heap before GC invocations=38 (full 3):
 PSYoungGen      total 180224K, used 168480K [0x00000000e0000000, 0x00000000ecf80000, 0x0000000100000000)
  eden space 150528K, 100% used [0x00000000e0000000,0x00000000e9300000,0x00000000e9300000)
  from space 29696K, 60% used [0x00000000eb000000,0x00000000ec188308,0x00000000ecd00000)
  to   space 29696K, 0% used [0x00000000e9300000,0x00000000e9300000,0x00000000eb000000)
 ParOldGen       total 139776K, used 100037K [0x00000000a0000000, 0x00000000a8880000, 0x00000000e0000000)
  object space 139776K, 71% used [0x00000000a0000000,0x00000000a61b17f8,0x00000000a8880000)
 Metaspace       used 90011K, capacity 95176K, committed 95488K, reserved 1132544K
  class space    used 11766K, capacity 12740K, committed 12800K, reserved 1048576K
Event: 5167,289 GC heap after
Heap after GC invocations=38 (full 3):
 PSYoungGen      total 180224K, used 11265K [0x00000000e0000000, 0x00000000ede80000, 0x0000000100000000)
  eden space 150528K, 0% used [0x00000000e0000000,0x00000000e0000000,0x00000000e9300000)
  from space 29696K, 37% used [0x00000000e9300000,0x00000000e9e004b8,0x00000000eb000000)
  to   space 28672K, 0% used [0x00000000ec280000,0x00000000ec280000,0x00000000ede80000)
 ParOldGen       total 139776K, used 100158K [0x00000000a0000000, 0x00000000a8880000, 0x00000000e0000000)
  object space 139776K, 71% used [0x00000000a0000000,0x00000000a61cf808,0x00000000a8880000)
 Metaspace       used 90011K, capacity 95176K, committed 95488K, reserved 1132544K
  class space    used 11766K, capacity 12740K, committed 12800K, reserved 1048576K
}
Event: 5168,191 GC heap before
{Heap before GC invocations=39 (full 3):
 PSYoungGen      total 180224K, used 161793K [0x00000000e0000000, 0x00000000ede80000, 0x0000000100000000)
  eden space 150528K, 100% used [0x00000000e0000000,0x00000000e9300000,0x00000000e9300000)
  from space 29696K, 37% used [0x00000000e9300000,0x00000000e9e004b8,0x00000000eb000000)
  to   space 28672K, 0% used [0x00000000ec280000,0x00000000ec280000,0x00000000ede80000)
 ParOldGen       total 139776K, used 100158K [0x00000000a0000000, 0x00000000a8880000, 0x00000000e0000000)
  object space 139776K, 71% used [0x00000000a0000000,0x00000000a61cf808,0x00000000a8880000)
 Metaspace       used 90098K, capacity 95304K, committed 95488K, reserved 1132544K
  class space    used 11767K, capacity 12740K, committed 12800K, reserved 1048576K
Event: 5168,214 GC heap after
Heap after GC invocations=39 (full 3):
 PSYoungGen      total 198656K, used 19143K [0x00000000e0000000, 0x00000000ee000000, 0x0000000100000000)
  eden space 169984K, 0% used [0x00000000e0000000,0x00000000e0000000,0x00000000ea600000)
  from space 28672K, 66% used [0x00000000ec280000,0x00000000ed531e88,0x00000000ede80000)
  to   space 29184K, 0% used [0x00000000ea600000,0x00000000ea600000,0x00000000ec280000)
 ParOldGen       total 139776K, used 100190K [0x00000000a0000000, 0x00000000a8880000, 0x00000000e0000000)
  object space 139776K, 71% used [0x00000000a0000000,0x00000000a61d7808,0x00000000a8880000)
 Metaspace       used 90098K, capacity 95304K, committed 95488K, reserved 1132544K
  class space    used 11767K, capacity 12740K, committed 12800K, reserved 1048576K
}
Event: 5779,764 GC heap before
{Heap before GC invocations=40 (full 3):
 PSYoungGen      total 198656K, used 189127K [0x00000000e0000000, 0x00000000ee000000, 0x0000000100000000)
  eden space 169984K, 100% used [0x00000000e0000000,0x00000000ea600000,0x00000000ea600000)
  from space 28672K, 66% used [0x00000000ec280000,0x00000000ed531e88,0x00000000ede80000)
  to   space 29184K, 0% used [0x00000000ea600000,0x00000000ea600000,0x00000000ec280000)
 ParOldGen       total 139776K, used 100190K [0x00000000a0000000, 0x00000000a8880000, 0x00000000e0000000)
  object space 139776K, 71% used [0x00000000a0000000,0x00000000a61d7808,0x00000000a8880000)
 Metaspace       used 90277K, capacity 95460K, committed 95744K, reserved 1132544K
  class space    used 11770K, capacity 12744K, committed 12800K, reserved 1048576K
Event: 5779,802 GC heap after
Heap after GC invocations=40 (full 3):
 PSYoungGen      total 199168K, used 9393K [0x00000000e0000000, 0x00000000ef180000, 0x0000000100000000)
  eden space 169984K, 0% used [0x00000000e0000000,0x00000000e0000000,0x00000000ea600000)
  from space 29184K, 32% used [0x00000000ea600000,0x00000000eaf2c4c8,0x00000000ec280000)
  to   space 28672K, 0% used [0x00000000ed580000,0x00000000ed580000,0x00000000ef180000)
 ParOldGen       total 139776K, used 100454K [0x00000000a0000000, 0x00000000a8880000, 0x00000000e0000000)
  object space 139776K, 71% used [0x00000000a0000000,0x00000000a6219808,0x00000000a8880000)
 Metaspace       used 90277K, capacity 95460K, committed 95744K, reserved 1132544K
  class space    used 11770K, capacity 12744K, committed 12800K, reserved 1048576K
}
Event: 5781,475 GC heap before
{Heap before GC invocations=41 (full 3):
 PSYoungGen      total 199168K, used 179377K [0x00000000e0000000, 0x00000000ef180000, 0x0000000100000000)
  eden space 169984K, 100% used [0x00000000e0000000,0x00000000ea600000,0x00000000ea600000)
  from space 29184K, 32% used [0x00000000ea600000,0x00000000eaf2c4c8,0x00000000ec280000)
  to   space 28672K, 0% used [0x00000000ed580000,0x00000000ed580000,0x00000000ef180000)
 ParOldGen       total 139776K, used 100454K [0x00000000a0000000, 0x00000000a8880000, 0x00000000e0000000)
  object space 139776K, 71% used [0x00000000a0000000,0x00000000a6219808,0x00000000a8880000)
 Metaspace       used 90377K, capacity 95658K, committed 95744K, reserved 1132544K
  class space    used 11771K, capacity 12745K, committed 12800K, reserved 1048576K

