# JRE version: OpenJDK Runtime Environment (8.0_202) (build 1.8.0_202-release-1483-b49-5587405)
# Java VM: OpenJDK 64-Bit Server VM (25.202-b49-5587405 mixed mode linux-amd64 compressed oops)
Heap:
 PSYoungGen      total 85504K, used 85493K [0x00000000e0000000, 0x00000000e7600000, 0x0000000100000000)
  eden space 73728K, 100% used [0x00000000e0000000,0x00000000e4800000,0x00000000e4800000)
  from space 11776K, 99% used [0x00000000e4800000,0x00000000e537d7b0,0x00000000e5380000)
  to   space 13312K, 78% used [0x00000000e6900000,0x00000000e7337300,0x00000000e7600000)
 ParOldGen       total 89088K, used 17050K [0x00000000a0000000, 0x00000000a5700000, 0x00000000e0000000)
  object space 89088K, 19% used [0x00000000a0000000,0x00000000a10a6918,0x00000000a5700000)
 Metaspace       used 50590K, capacity 52298K, committed 52352K, reserved 1093632K
  class space    used 6847K, capacity 7263K, committed 7296K, reserved 1048576K
GC Heap History (10 events):
Event: 17,220 GC heap after
Heap after GC invocations=11 (full 1):
 PSYoungGen      total 66560K, used 9490K [0x00000000e0000000, 0x00000000e4f00000, 0x0000000100000000)
  eden space 56320K, 0% used [0x00000000e0000000,0x00000000e0000000,0x00000000e3700000)
  from space 10240K, 92% used [0x00000000e4200000,0x00000000e4b449c0,0x00000000e4c00000)
  to   space 11264K, 0% used [0x00000000e3700000,0x00000000e3700000,0x00000000e4200000)
 ParOldGen       total 60416K, used 8656K [0x00000000a0000000, 0x00000000a3b00000, 0x00000000e0000000)
  object space 60416K, 14% used [0x00000000a0000000,0x00000000a08742a8,0x00000000a3b00000)
 Metaspace       used 33141K, capacity 34092K, committed 34304K, reserved 1079296K
  class space    used 4600K, capacity 4820K, committed 4864K, reserved 1048576K
}
Event: 20,028 GC heap before
{Heap before GC invocations=12 (full 1):
 PSYoungGen      total 66560K, used 32647K [0x00000000e0000000, 0x00000000e4f00000, 0x0000000100000000)
  eden space 56320K, 41% used [0x00000000e0000000,0x00000000e169d280,0x00000000e3700000)
  from space 10240K, 92% used [0x00000000e4200000,0x00000000e4b449c0,0x00000000e4c00000)
  to   space 11264K, 0% used [0x00000000e3700000,0x00000000e3700000,0x00000000e4200000)
 ParOldGen       total 60416K, used 8656K [0x00000000a0000000, 0x00000000a3b00000, 0x00000000e0000000)
  object space 60416K, 14% used [0x00000000a0000000,0x00000000a08742a8,0x00000000a3b00000)
 Metaspace       used 34399K, capacity 35438K, committed 35496K, reserved 1079296K
  class space    used 4757K, capacity 4973K, committed 4992K, reserved 1048576K
Event: 20,070 GC heap after
Heap after GC invocations=12 (full 1):
 PSYoungGen      total 67584K, used 9299K [0x00000000e0000000, 0x00000000e6180000, 0x0000000100000000)
  eden space 56320K, 0% used [0x00000000e0000000,0x00000000e0000000,0x00000000e3700000)
  from space 11264K, 82% used [0x00000000e3700000,0x00000000e4014e28,0x00000000e4200000)
  to   space 11776K, 0% used [0x00000000e5600000,0x00000000e5600000,0x00000000e6180000)
 ParOldGen       total 60416K, used 8664K [0x00000000a0000000, 0x00000000a3b00000, 0x00000000e0000000)
  object space 60416K, 14% used [0x00000000a0000000,0x00000000a08762a8,0x00000000a3b00000)
 Metaspace       used 34399K, capacity 35438K, committed 35496K, reserved 1079296K
  class space    used 4757K, capacity 4973K, committed 4992K, reserved 1048576K
}
Event: 20,070 GC heap before
{Heap before GC invocations=13 (full 2):
 PSYoungGen      total 67584K, used 9299K [0x00000000e0000000, 0x00000000e6180000, 0x0000000100000000)
  eden space 56320K, 0% used [0x00000000e0000000,0x00000000e0000000,0x00000000e3700000)
  from space 11264K, 82% used [0x00000000e3700000,0x00000000e4014e28,0x00000000e4200000)
  to   space 11776K, 0% used [0x00000000e5600000,0x00000000e5600000,0x00000000e6180000)
 ParOldGen       total 60416K, used 8664K [0x00000000a0000000, 0x00000000a3b00000, 0x00000000e0000000)
  object space 60416K, 14% used [0x00000000a0000000,0x00000000a08762a8,0x00000000a3b00000)
 Metaspace       used 34399K, capacity 35438K, committed 35496K, reserved 1079296K
  class space    used 4757K, capacity 4973K, committed 4992K, reserved 1048576K
Event: 20,136 GC heap after
Heap after GC invocations=13 (full 2):
 PSYoungGen      total 67584K, used 0K [0x00000000e0000000, 0x00000000e6180000, 0x0000000100000000)
  eden space 56320K, 0% used [0x00000000e0000000,0x00000000e0000000,0x00000000e3700000)
  from space 11264K, 0% used [0x00000000e3700000,0x00000000e3700000,0x00000000e4200000)
  to   space 11776K, 0% used [0x00000000e5600000,0x00000000e5600000,0x00000000e6180000)
 ParOldGen       total 89088K, used 16326K [0x00000000a0000000, 0x00000000a5700000, 0x00000000e0000000)
  object space 89088K, 18% used [0x00000000a0000000,0x00000000a0ff18e8,0x00000000a5700000)
 Metaspace       used 34386K, capacity 35396K, committed 35496K, reserved 1079296K
  class space    used 4753K, capacity 4966K, committed 4992K, reserved 1048576K
}
Event: 29,860 GC heap before
{Heap before GC invocations=14 (full 2):
 PSYoungGen      total 67584K, used 56320K [0x00000000e0000000, 0x00000000e6180000, 0x0000000100000000)
  eden space 56320K, 100% used [0x00000000e0000000,0x00000000e3700000,0x00000000e3700000)
  from space 11264K, 0% used [0x00000000e3700000,0x00000000e3700000,0x00000000e4200000)
  to   space 11776K, 0% used [0x00000000e5600000,0x00000000e5600000,0x00000000e6180000)
 ParOldGen       total 89088K, used 16326K [0x00000000a0000000, 0x00000000a5700000, 0x00000000e0000000)
  object space 89088K, 18% used [0x00000000a0000000,0x00000000a0ff18e8,0x00000000a5700000)
 Metaspace       used 40384K, capacity 41664K, committed 41984K, reserved 1085440K
  class space    used 5486K, capacity 5775K, committed 5888K, reserved 1048576K
Event: 29,885 GC heap after
Heap after GC invocations=14 (full 2):
 PSYoungGen      total 82944K, used 7837K [0x00000000e0000000, 0x00000000e5f00000, 0x0000000100000000)
  eden space 73728K, 0% used [0x00000000e0000000,0x00000000e0000000,0x00000000e4800000)
  from space 9216K, 85% used [0x00000000e5600000,0x00000000e5da7540,0x00000000e5f00000)
  to   space 11776K, 0% used [0x00000000e4800000,0x00000000e4800000,0x00000000e5380000)
 ParOldGen       total 89088K, used 16334K [0x00000000a0000000, 0x00000000a5700000, 0x00000000e0000000)
  object space 89088K, 18% used [0x00000000a0000000,0x00000000a0ff38e8,0x00000000a5700000)
 Metaspace       used 40384K, capacity 41664K, committed 41984K, reserved 1085440K
  class space    used 5486K, capacity 5775K, committed 5888K, reserved 1048576K
}
Event: 34,723 GC heap before
{Heap before GC invocations=15 (full 2):
 PSYoungGen      total 82944K, used 81565K [0x00000000e0000000, 0x00000000e5f00000, 0x0000000100000000)
  eden space 73728K, 100% used [0x00000000e0000000,0x00000000e4800000,0x00000000e4800000)
  from space 9216K, 85% used [0x00000000e5600000,0x00000000e5da7540,0x00000000e5f00000)
  to   space 11776K, 0% used [0x00000000e4800000,0x00000000e4800000,0x00000000e5380000)
 ParOldGen       total 89088K, used 16334K [0x00000000a0000000, 0x00000000a5700000, 0x00000000e0000000)
  object space 89088K, 18% used [0x00000000a0000000,0x00000000a0ff38e8,0x00000000a5700000)
 Metaspace       used 45543K, capacity 46854K, committed 47232K, reserved 1089536K
  class space    used 6147K, capacity 6437K, committed 6528K, reserved 1048576K
Event: 34,735 GC heap after
Heap after GC invocations=15 (full 2):
 PSYoungGen      total 85504K, used 11765K [0x00000000e0000000, 0x00000000e7600000, 0x0000000100000000)
  eden space 73728K, 0% used [0x00000000e0000000,0x00000000e0000000,0x00000000e4800000)
  from space 11776K, 99% used [0x00000000e4800000,0x00000000e537d7b0,0x00000000e5380000)
  to   space 13312K, 0% used [0x00000000e6900000,0x00000000e6900000,0x00000000e7600000)
 ParOldGen       total 89088K, used 17050K [0x00000000a0000000, 0x00000000a5700000, 0x00000000e0000000)
  object space 89088K, 19% used [0x00000000a0000000,0x00000000a10a6918,0x00000000a5700000)
 Metaspace       used 45543K, capacity 46854K, committed 47232K, reserved 1089536K
  class space    used 6147K, capacity 6437K, committed 6528K, reserved 1048576K
}
Event: 38,151 GC heap before
{Heap before GC invocations=16 (full 2):
 PSYoungGen      total 85504K, used 85493K [0x00000000e0000000, 0x00000000e7600000, 0x0000000100000000)
  eden space 73728K, 100% used [0x00000000e0000000,0x00000000e4800000,0x00000000e4800000)
  from space 11776K, 99% used [0x00000000e4800000,0x00000000e537d7b0,0x00000000e5380000)
  to   space 13312K, 0% used [0x00000000e6900000,0x00000000e6900000,0x00000000e7600000)
 ParOldGen       total 89088K, used 17050K [0x00000000a0000000, 0x00000000a5700000, 0x00000000e0000000)
  object space 89088K, 19% used [0x00000000a0000000,0x00000000a10a6918,0x00000000a5700000)
 Metaspace       used 50590K, capacity 52298K, committed 52352K, reserved 1093632K
  class space    used 6847K, capacity 7263K, committed 7296K, reserved 1048576K

