# JRE version: OpenJDK Runtime Environment (8.0_202) (build 1.8.0_202-release-1483-b49-5587405)
# Java VM: OpenJDK 64-Bit Server VM (25.202-b49-5587405 mixed mode linux-amd64 compressed oops)
Heap:
 PSYoungGen      total 220672K, used 203264K [0x00000000e0000000, 0x00000000ef900000, 0x0000000100000000)
  eden space 203264K, 100% used [0x00000000e0000000,0x00000000ec680000,0x00000000ec680000)
  from space 17408K, 0% used [0x00000000edc80000,0x00000000edc80000,0x00000000eed80000)
  to   space 22528K, 45% used [0x00000000ec680000,0x00000000ed083250,0x00000000edc80000)
 ParOldGen       total 136704K, used 40028K [0x00000000a0000000, 0x00000000a8580000, 0x00000000e0000000)
  object space 136704K, 29% used [0x00000000a0000000,0x00000000a2717088,0x00000000a8580000)
 Metaspace       used 66215K, capacity 68576K, committed 68864K, reserved 1107968K
  class space    used 9054K, capacity 9636K, committed 9728K, reserved 1048576K
GC Heap History (10 events):
Event: 10,354 GC heap after
Heap after GC invocations=9 (full 1):
 PSYoungGen      total 170496K, used 9664K [0x00000000e0000000, 0x00000000ee700000, 0x0000000100000000)
  eden space 157184K, 0% used [0x00000000e0000000,0x00000000e0000000,0x00000000e9980000)
  from space 13312K, 72% used [0x00000000ea700000,0x00000000eb0702e8,0x00000000eb400000)
  to   space 13824K, 0% used [0x00000000e9980000,0x00000000e9980000,0x00000000ea700000)
 ParOldGen       total 63488K, used 12143K [0x00000000a0000000, 0x00000000a3e00000, 0x00000000e0000000)
  object space 63488K, 19% used [0x00000000a0000000,0x00000000a0bdbc68,0x00000000a3e00000)
 Metaspace       used 34461K, capacity 35442K, committed 35496K, reserved 1079296K
  class space    used 4764K, capacity 4976K, committed 4992K, reserved 1048576K
}
Event: 10,354 GC heap before
{Heap before GC invocations=10 (full 2):
 PSYoungGen      total 170496K, used 9664K [0x00000000e0000000, 0x00000000ee700000, 0x0000000100000000)
  eden space 157184K, 0% used [0x00000000e0000000,0x00000000e0000000,0x00000000e9980000)
  from space 13312K, 72% used [0x00000000ea700000,0x00000000eb0702e8,0x00000000eb400000)
  to   space 13824K, 0% used [0x00000000e9980000,0x00000000e9980000,0x00000000ea700000)
 ParOldGen       total 63488K, used 12143K [0x00000000a0000000, 0x00000000a3e00000, 0x00000000e0000000)
  object space 63488K, 19% used [0x00000000a0000000,0x00000000a0bdbc68,0x00000000a3e00000)
 Metaspace       used 34461K, capacity 35442K, committed 35496K, reserved 1079296K
  class space    used 4764K, capacity 4976K, committed 4992K, reserved 1048576K
Event: 10,444 GC heap after
Heap after GC invocations=10 (full 2):
 PSYoungGen      total 170496K, used 0K [0x00000000e0000000, 0x00000000ee700000, 0x0000000100000000)
  eden space 157184K, 0% used [0x00000000e0000000,0x00000000e0000000,0x00000000e9980000)
  from space 13312K, 0% used [0x00000000ea700000,0x00000000ea700000,0x00000000eb400000)
  to   space 13824K, 0% used [0x00000000e9980000,0x00000000e9980000,0x00000000ea700000)
 ParOldGen       total 88064K, used 16691K [0x00000000a0000000, 0x00000000a5600000, 0x00000000e0000000)
  object space 88064K, 18% used [0x00000000a0000000,0x00000000a104cf68,0x00000000a5600000)
 Metaspace       used 34454K, capacity 35418K, committed 35496K, reserved 1079296K
  class space    used 4762K, capacity 4972K, committed 4992K, reserved 1048576K
}
Event: 16,347 GC heap before
{Heap before GC invocations=11 (full 2):
 PSYoungGen      total 170496K, used 157184K [0x00000000e0000000, 0x00000000ee700000, 0x0000000100000000)
  eden space 157184K, 100% used [0x00000000e0000000,0x00000000e9980000,0x00000000e9980000)
  from space 13312K, 0% used [0x00000000ea700000,0x00000000ea700000,0x00000000eb400000)
  to   space 13824K, 0% used [0x00000000e9980000,0x00000000e9980000,0x00000000ea700000)
 ParOldGen       total 88064K, used 16691K [0x00000000a0000000, 0x00000000a5600000, 0x00000000e0000000)
  object space 88064K, 18% used [0x00000000a0000000,0x00000000a104cf68,0x00000000a5600000)
 Metaspace       used 47940K, capacity 49600K, committed 49792K, reserved 1091584K
  class space    used 6504K, capacity 6930K, committed 7040K, reserved 1048576K
Event: 16,382 GC heap after
Heap after GC invocations=11 (full 2):
 PSYoungGen      total 171008K, used 13820K [0x00000000e0000000, 0x00000000eed80000, 0x0000000100000000)
  eden space 157184K, 0% used [0x00000000e0000000,0x00000000e0000000,0x00000000e9980000)
  from space 13824K, 99% used [0x00000000e9980000,0x00000000ea6ff0e0,0x00000000ea700000)
  to   space 17408K, 0% used [0x00000000edc80000,0x00000000edc80000,0x00000000eed80000)
 ParOldGen       total 88064K, used 22090K [0x00000000a0000000, 0x00000000a5600000, 0x00000000e0000000)
  object space 88064K, 25% used [0x00000000a0000000,0x00000000a1592a08,0x00000000a5600000)
 Metaspace       used 47940K, capacity 49600K, committed 49792K, reserved 1091584K
  class space    used 6504K, capacity 6930K, committed 7040K, reserved 1048576K
}
Event: 19,303 GC heap before
{Heap before GC invocations=12 (full 2):
 PSYoungGen      total 171008K, used 167950K [0x00000000e0000000, 0x00000000eed80000, 0x0000000100000000)
  eden space 157184K, 98% used [0x00000000e0000000,0x00000000e96849b0,0x00000000e9980000)
  from space 13824K, 99% used [0x00000000e9980000,0x00000000ea6ff0e0,0x00000000ea700000)
  to   space 17408K, 0% used [0x00000000edc80000,0x00000000edc80000,0x00000000eed80000)
 ParOldGen       total 88064K, used 22090K [0x00000000a0000000, 0x00000000a5600000, 0x00000000e0000000)
  object space 88064K, 25% used [0x00000000a0000000,0x00000000a1592a08,0x00000000a5600000)
 Metaspace       used 57096K, capacity 59152K, committed 59160K, reserved 1099776K
  class space    used 7863K, capacity 8320K, committed 8320K, reserved 1048576K
Event: 19,356 GC heap after
Heap after GC invocations=12 (full 2):
 PSYoungGen      total 220672K, used 17404K [0x00000000e0000000, 0x00000000ef900000, 0x0000000100000000)
  eden space 203264K, 0% used [0x00000000e0000000,0x00000000e0000000,0x00000000ec680000)
  from space 17408K, 99% used [0x00000000edc80000,0x00000000eed7f310,0x00000000eed80000)
  to   space 22528K, 0% used [0x00000000ec680000,0x00000000ec680000,0x00000000edc80000)
 ParOldGen       total 88064K, used 29284K [0x00000000a0000000, 0x00000000a5600000, 0x00000000e0000000)
  object space 88064K, 33% used [0x00000000a0000000,0x00000000a1c99228,0x00000000a5600000)
 Metaspace       used 57096K, capacity 59152K, committed 59160K, reserved 1099776K
  class space    used 7863K, capacity 8320K, committed 8320K, reserved 1048576K
}
Event: 19,356 GC heap before
{Heap before GC invocations=13 (full 3):
 PSYoungGen      total 220672K, used 17404K [0x00000000e0000000, 0x00000000ef900000, 0x0000000100000000)
  eden space 203264K, 0% used [0x00000000e0000000,0x00000000e0000000,0x00000000ec680000)
  from space 17408K, 99% used [0x00000000edc80000,0x00000000eed7f310,0x00000000eed80000)
  to   space 22528K, 0% used [0x00000000ec680000,0x00000000ec680000,0x00000000edc80000)
 ParOldGen       total 88064K, used 29284K [0x00000000a0000000, 0x00000000a5600000, 0x00000000e0000000)
  object space 88064K, 33% used [0x00000000a0000000,0x00000000a1c99228,0x00000000a5600000)
 Metaspace       used 57096K, capacity 59152K, committed 59160K, reserved 1099776K
  class space    used 7863K, capacity 8320K, committed 8320K, reserved 1048576K
Event: 19,724 GC heap after
Heap after GC invocations=13 (full 3):
 PSYoungGen      total 220672K, used 0K [0x00000000e0000000, 0x00000000ef900000, 0x0000000100000000)
  eden space 203264K, 0% used [0x00000000e0000000,0x00000000e0000000,0x00000000ec680000)
  from space 17408K, 0% used [0x00000000edc80000,0x00000000edc80000,0x00000000eed80000)
  to   space 22528K, 0% used [0x00000000ec680000,0x00000000ec680000,0x00000000edc80000)
 ParOldGen       total 136704K, used 40028K [0x00000000a0000000, 0x00000000a8580000, 0x00000000e0000000)
  object space 136704K, 29% used [0x00000000a0000000,0x00000000a2717088,0x00000000a8580000)
 Metaspace       used 57096K, capacity 59152K, committed 59160K, reserved 1099776K
  class space    used 7863K, capacity 8320K, committed 8320K, reserved 1048576K
}
Event: 35,653 GC heap before
{Heap before GC invocations=14 (full 3):
 PSYoungGen      total 220672K, used 203264K [0x00000000e0000000, 0x00000000ef900000, 0x0000000100000000)
  eden space 203264K, 100% used [0x00000000e0000000,0x00000000ec680000,0x00000000ec680000)
  from space 17408K, 0% used [0x00000000edc80000,0x00000000edc80000,0x00000000eed80000)
  to   space 22528K, 0% used [0x00000000ec680000,0x00000000ec680000,0x00000000edc80000)
 ParOldGen       total 136704K, used 40028K [0x00000000a0000000, 0x00000000a8580000, 0x00000000e0000000)
  object space 136704K, 29% used [0x00000000a0000000,0x00000000a2717088,0x00000000a8580000)
 Metaspace       used 66215K, capacity 68576K, committed 68864K, reserved 1107968K
  class space    used 9054K, capacity 9636K, committed 9728K, reserved 1048576K

