# JRE version: OpenJDK Runtime Environment (8.0_202) (build 1.8.0_202-release-1483-b49-5587405)
# Java VM: OpenJDK 64-Bit Server VM (25.202-b49-5587405 mixed mode linux-amd64 compressed oops)
Heap:
 PSYoungGen      total 424448K, used 264251K [0x00000000e0000000, 0x0000000100000000, 0x0000000100000000)
  eden space 320512K, 73% used [0x00000000e0000000,0x00000000ee6ebc20,0x00000000f3900000)
  from space 103936K, 26% used [0x00000000f9a80000,0x00000000fb5a30f0,0x0000000100000000)
  to   space 99840K, 0% used [0x00000000f3900000,0x00000000f3900000,0x00000000f9a80000)
 ParOldGen       total 403456K, used 199188K [0x00000000a0000000, 0x00000000b8a00000, 0x00000000e0000000)
  object space 403456K, 49% used [0x00000000a0000000,0x00000000ac285220,0x00000000b8a00000)
 Metaspace       used 94428K, capacity 100134K, committed 100352K, reserved 1136640K
  class space    used 12124K, capacity 13192K, committed 13312K, reserved 1048576K
GC Heap History (10 events):
Event: 1162,790 GC heap before
{Heap before GC invocations=27 (full 4):
 PSYoungGen      total 343552K, used 308909K [0x00000000e0000000, 0x00000000f7d00000, 0x0000000100000000)
  eden space 300544K, 100% used [0x00000000e0000000,0x00000000f2580000,0x00000000f2580000)
  from space 43008K, 19% used [0x00000000f5080000,0x00000000f58ab540,0x00000000f7a80000)
  to   space 44032K, 0% used [0x00000000f2580000,0x00000000f2580000,0x00000000f5080000)
 ParOldGen       total 220160K, used 72520K [0x00000000a0000000, 0x00000000ad700000, 0x00000000e0000000)
  object space 220160K, 32% used [0x00000000a0000000,0x00000000a46d2058,0x00000000ad700000)
 Metaspace       used 93274K, capacity 98912K, committed 99112K, reserved 1134592K
  class space    used 12094K, capacity 13141K, committed 13184K, reserved 1048576K
Event: 1162,809 GC heap after
Heap after GC invocations=27 (full 4):
 PSYoungGen      total 344576K, used 17387K [0x00000000e0000000, 0x00000000faa00000, 0x0000000100000000)
  eden space 300544K, 0% used [0x00000000e0000000,0x00000000e0000000,0x00000000f2580000)
  from space 44032K, 39% used [0x00000000f2580000,0x00000000f367ae98,0x00000000f5080000)
  to   space 43008K, 0% used [0x00000000f8000000,0x00000000f8000000,0x00000000faa00000)
 ParOldGen       total 220160K, used 72528K [0x00000000a0000000, 0x00000000ad700000, 0x00000000e0000000)
  object space 220160K, 32% used [0x00000000a0000000,0x00000000a46d4058,0x00000000ad700000)
 Metaspace       used 93274K, capacity 98912K, committed 99112K, reserved 1134592K
  class space    used 12094K, capacity 13141K, committed 13184K, reserved 1048576K
}
Event: 1166,118 GC heap before
{Heap before GC invocations=28 (full 4):
 PSYoungGen      total 344576K, used 317931K [0x00000000e0000000, 0x00000000faa00000, 0x0000000100000000)
  eden space 300544K, 100% used [0x00000000e0000000,0x00000000f2580000,0x00000000f2580000)
  from space 44032K, 39% used [0x00000000f2580000,0x00000000f367ae98,0x00000000f5080000)
  to   space 43008K, 0% used [0x00000000f8000000,0x00000000f8000000,0x00000000faa00000)
 ParOldGen       total 220160K, used 72528K [0x00000000a0000000, 0x00000000ad700000, 0x00000000e0000000)
  object space 220160K, 32% used [0x00000000a0000000,0x00000000a46d4058,0x00000000ad700000)
 Metaspace       used 93421K, capacity 99046K, committed 99200K, reserved 1134592K
  class space    used 12096K, capacity 13142K, committed 13184K, reserved 1048576K
Event: 1166,318 GC heap after
Heap after GC invocations=28 (full 4):
 PSYoungGen      total 364544K, used 43000K [0x00000000e0000000, 0x00000000fea80000, 0x0000000100000000)
  eden space 321536K, 0% used [0x00000000e0000000,0x00000000e0000000,0x00000000f3a00000)
  from space 43008K, 99% used [0x00000000f8000000,0x00000000fa9fe1e8,0x00000000faa00000)
  to   space 71680K, 0% used [0x00000000f3a00000,0x00000000f3a00000,0x00000000f8000000)
 ParOldGen       total 220160K, used 134579K [0x00000000a0000000, 0x00000000ad700000, 0x00000000e0000000)
  object space 220160K, 61% used [0x00000000a0000000,0x00000000a836cc50,0x00000000ad700000)
 Metaspace       used 93421K, capacity 99046K, committed 99200K, reserved 1134592K
  class space    used 12096K, capacity 13142K, committed 13184K, reserved 1048576K
}
Event: 1169,500 GC heap before
{Heap before GC invocations=29 (full 4):
 PSYoungGen      total 364544K, used 364536K [0x00000000e0000000, 0x00000000fea80000, 0x0000000100000000)
  eden space 321536K, 100% used [0x00000000e0000000,0x00000000f3a00000,0x00000000f3a00000)
  from space 43008K, 99% used [0x00000000f8000000,0x00000000fa9fe1e8,0x00000000faa00000)
  to   space 71680K, 0% used [0x00000000f3a00000,0x00000000f3a00000,0x00000000f8000000)
 ParOldGen       total 220160K, used 134579K [0x00000000a0000000, 0x00000000ad700000, 0x00000000e0000000)
  object space 220160K, 61% used [0x00000000a0000000,0x00000000a836cc50,0x00000000ad700000)
 Metaspace       used 93944K, capacity 99620K, committed 99712K, reserved 1136640K
  class space    used 12119K, capacity 13155K, committed 13184K, reserved 1048576K
Event: 1169,768 GC heap after
Heap after GC invocations=29 (full 4):
 PSYoungGen      total 393216K, used 71677K [0x00000000e0000000, 0x0000000100000000, 0x0000000100000000)
  eden space 321536K, 0% used [0x00000000e0000000,0x00000000e0000000,0x00000000f3a00000)
  from space 71680K, 99% used [0x00000000f3a00000,0x00000000f7fff788,0x00000000f8000000)
  to   space 103936K, 0% used [0x00000000f9a80000,0x00000000f9a80000,0x0000000100000000)
 ParOldGen       total 220160K, used 192115K [0x00000000a0000000, 0x00000000ad700000, 0x00000000e0000000)
  object space 220160K, 87% used [0x00000000a0000000,0x00000000abb9cd00,0x00000000ad700000)
 Metaspace       used 93944K, capacity 99620K, committed 99712K, reserved 1136640K
  class space    used 12119K, capacity 13155K, committed 13184K, reserved 1048576K
}
Event: 1169,768 GC heap before
{Heap before GC invocations=30 (full 5):
 PSYoungGen      total 393216K, used 71677K [0x00000000e0000000, 0x0000000100000000, 0x0000000100000000)
  eden space 321536K, 0% used [0x00000000e0000000,0x00000000e0000000,0x00000000f3a00000)
  from space 71680K, 99% used [0x00000000f3a00000,0x00000000f7fff788,0x00000000f8000000)
  to   space 103936K, 0% used [0x00000000f9a80000,0x00000000f9a80000,0x0000000100000000)
 ParOldGen       total 220160K, used 192115K [0x00000000a0000000, 0x00000000ad700000, 0x00000000e0000000)
  object space 220160K, 87% used [0x00000000a0000000,0x00000000abb9cd00,0x00000000ad700000)
 Metaspace       used 93944K, capacity 99620K, committed 99712K, reserved 1136640K
  class space    used 12119K, capacity 13155K, committed 13184K, reserved 1048576K
Event: 1170,842 GC heap after
Heap after GC invocations=30 (full 5):
 PSYoungGen      total 393216K, used 0K [0x00000000e0000000, 0x0000000100000000, 0x0000000100000000)
  eden space 321536K, 0% used [0x00000000e0000000,0x00000000e0000000,0x00000000f3a00000)
  from space 71680K, 0% used [0x00000000f3a00000,0x00000000f3a00000,0x00000000f8000000)
  to   space 103936K, 0% used [0x00000000f9a80000,0x00000000f9a80000,0x0000000100000000)
 ParOldGen       total 403456K, used 199180K [0x00000000a0000000, 0x00000000b8a00000, 0x00000000e0000000)
  object space 403456K, 49% used [0x00000000a0000000,0x00000000ac283220,0x00000000b8a00000)
 Metaspace       used 93944K, capacity 99620K, committed 99712K, reserved 1136640K
  class space    used 12119K, capacity 13155K, committed 13184K, reserved 1048576K
}
Event: 1172,882 GC heap before
{Heap before GC invocations=31 (full 5):
 PSYoungGen      total 393216K, used 321536K [0x00000000e0000000, 0x0000000100000000, 0x0000000100000000)
  eden space 321536K, 100% used [0x00000000e0000000,0x00000000f3a00000,0x00000000f3a00000)
  from space 71680K, 0% used [0x00000000f3a00000,0x00000000f3a00000,0x00000000f8000000)
  to   space 103936K, 0% used [0x00000000f9a80000,0x00000000f9a80000,0x0000000100000000)
 ParOldGen       total 403456K, used 199180K [0x00000000a0000000, 0x00000000b8a00000, 0x00000000e0000000)
  object space 403456K, 49% used [0x00000000a0000000,0x00000000ac283220,0x00000000b8a00000)
 Metaspace       used 94309K, capacity 99966K, committed 100224K, reserved 1136640K
  class space    used 12123K, capacity 13160K, committed 13184K, reserved 1048576K
Event: 1172,924 GC heap after
Heap after GC invocations=31 (full 5):
 PSYoungGen      total 424448K, used 27788K [0x00000000e0000000, 0x0000000100000000, 0x0000000100000000)
  eden space 320512K, 0% used [0x00000000e0000000,0x00000000e0000000,0x00000000f3900000)
  from space 103936K, 26% used [0x00000000f9a80000,0x00000000fb5a30f0,0x0000000100000000)
  to   space 99840K, 0% used [0x00000000f3900000,0x00000000f3900000,0x00000000f9a80000)
 ParOldGen       total 403456K, used 199188K [0x00000000a0000000, 0x00000000b8a00000, 0x00000000e0000000)
  object space 403456K, 49% used [0x00000000a0000000,0x00000000ac285220,0x00000000b8a00000)
 Metaspace       used 94309K, capacity 99966K, committed 100224K, reserved 1136640K
  class space    used 12123K, capacity 13160K, committed 13184K, reserved 1048576K
}

