# JRE version: OpenJDK Runtime Environment (8.0_202) (build 1.8.0_202-release-1483-b49-5587405)
# Java VM: OpenJDK 64-Bit Server VM (25.202-b49-5587405 mixed mode linux-amd64 compressed oops)
Heap:
 PSYoungGen      total 244736K, used 32809K [0x00000000e0000000, 0x00000000f4680000, 0x0000000100000000)
  eden space 211456K, 0% used [0x00000000e0000000,0x00000000e0000000,0x00000000ece80000)
  from space 33280K, 98% used [0x00000000ed580000,0x00000000ef58a508,0x00000000ef600000)
  to   space 61440K, 0% used [0x00000000f0a80000,0x00000000f0a80000,0x00000000f4680000)
 ParOldGen       total 147456K, used 49608K [0x00000000a0000000, 0x00000000a9000000, 0x00000000e0000000)
  object space 147456K, 33% used [0x00000000a0000000,0x00000000a3072098,0x00000000a9000000)
 Metaspace       used 92364K, capacity 98584K, committed 98600K, reserved 1134592K
  class space    used 11996K, capacity 13081K, committed 13096K, reserved 1048576K
GC Heap History (10 events):
Event: 1785,794 GC heap after
Heap after GC invocations=20 (full 3):
 PSYoungGen      total 288768K, used 46235K [0x00000000e0000000, 0x00000000f6780000, 0x0000000100000000)
  eden space 242176K, 0% used [0x00000000e0000000,0x00000000e0000000,0x00000000eec80000)
  from space 46592K, 99% used [0x00000000ef500000,0x00000000f2226cf8,0x00000000f2280000)
  to   space 62976K, 0% used [0x00000000f2a00000,0x00000000f2a00000,0x00000000f6780000)
 ParOldGen       total 147456K, used 49576K [0x00000000a0000000, 0x00000000a9000000, 0x00000000e0000000)
  object space 147456K, 33% used [0x00000000a0000000,0x00000000a306a098,0x00000000a9000000)
 Metaspace       used 91153K, capacity 96244K, committed 96536K, reserved 1132544K
  class space    used 11832K, capacity 12779K, committed 12840K, reserved 1048576K
}
Event: 1862,510 GC heap before
{Heap before GC invocations=21 (full 3):
 PSYoungGen      total 288768K, used 288411K [0x00000000e0000000, 0x00000000f6780000, 0x0000000100000000)
  eden space 242176K, 100% used [0x00000000e0000000,0x00000000eec80000,0x00000000eec80000)
  from space 46592K, 99% used [0x00000000ef500000,0x00000000f2226cf8,0x00000000f2280000)
  to   space 62976K, 0% used [0x00000000f2a00000,0x00000000f2a00000,0x00000000f6780000)
 ParOldGen       total 147456K, used 49576K [0x00000000a0000000, 0x00000000a9000000, 0x00000000e0000000)
  object space 147456K, 33% used [0x00000000a0000000,0x00000000a306a098,0x00000000a9000000)
 Metaspace       used 91320K, capacity 96522K, committed 96792K, reserved 1132544K
  class space    used 11835K, capacity 12782K, committed 12840K, reserved 1048576K
Event: 1862,574 GC heap after
Heap after GC invocations=21 (full 3):
 PSYoungGen      total 287744K, used 36296K [0x00000000e0000000, 0x00000000f5e80000, 0x0000000100000000)
  eden space 233984K, 0% used [0x00000000e0000000,0x00000000e0000000,0x00000000ee480000)
  from space 53760K, 67% used [0x00000000f2a00000,0x00000000f4d72388,0x00000000f5e80000)
  to   space 62464K, 0% used [0x00000000ee480000,0x00000000ee480000,0x00000000f2180000)
 ParOldGen       total 147456K, used 49584K [0x00000000a0000000, 0x00000000a9000000, 0x00000000e0000000)
  object space 147456K, 33% used [0x00000000a0000000,0x00000000a306c098,0x00000000a9000000)
 Metaspace       used 91320K, capacity 96522K, committed 96792K, reserved 1132544K
  class space    used 11835K, capacity 12782K, committed 12840K, reserved 1048576K
}
Event: 2052,911 GC heap before
{Heap before GC invocations=22 (full 3):
 PSYoungGen      total 287744K, used 270280K [0x00000000e0000000, 0x00000000f5e80000, 0x0000000100000000)
  eden space 233984K, 100% used [0x00000000e0000000,0x00000000ee480000,0x00000000ee480000)
  from space 53760K, 67% used [0x00000000f2a00000,0x00000000f4d72388,0x00000000f5e80000)
  to   space 62464K, 0% used [0x00000000ee480000,0x00000000ee480000,0x00000000f2180000)
 ParOldGen       total 147456K, used 49584K [0x00000000a0000000, 0x00000000a9000000, 0x00000000e0000000)
  object space 147456K, 33% used [0x00000000a0000000,0x00000000a306c098,0x00000000a9000000)
 Metaspace       used 91455K, capacity 96698K, committed 96792K, reserved 1132544K
  class space    used 11845K, capacity 12800K, committed 12840K, reserved 1048576K
Event: 2052,992 GC heap after
Heap after GC invocations=22 (full 3):
 PSYoungGen      total 266752K, used 40428K [0x00000000e0000000, 0x00000000f5900000, 0x0000000100000000)
  eden space 226304K, 0% used [0x00000000e0000000,0x00000000e0000000,0x00000000edd00000)
  from space 40448K, 99% used [0x00000000ee480000,0x00000000f0bfb018,0x00000000f0c00000)
  to   space 63488K, 0% used [0x00000000f1b00000,0x00000000f1b00000,0x00000000f5900000)
 ParOldGen       total 147456K, used 49592K [0x00000000a0000000, 0x00000000a9000000, 0x00000000e0000000)
  object space 147456K, 33% used [0x00000000a0000000,0x00000000a306e098,0x00000000a9000000)
 Metaspace       used 91455K, capacity 96698K, committed 96792K, reserved 1132544K
  class space    used 11845K, capacity 12800K, committed 12840K, reserved 1048576K
}
Event: 2054,911 GC heap before
{Heap before GC invocations=23 (full 3):
 PSYoungGen      total 266752K, used 266732K [0x00000000e0000000, 0x00000000f5900000, 0x0000000100000000)
  eden space 226304K, 100% used [0x00000000e0000000,0x00000000edd00000,0x00000000edd00000)
  from space 40448K, 99% used [0x00000000ee480000,0x00000000f0bfb018,0x00000000f0c00000)
  to   space 63488K, 0% used [0x00000000f1b00000,0x00000000f1b00000,0x00000000f5900000)
 ParOldGen       total 147456K, used 49592K [0x00000000a0000000, 0x00000000a9000000, 0x00000000e0000000)
  object space 147456K, 33% used [0x00000000a0000000,0x00000000a306e098,0x00000000a9000000)
 Metaspace       used 91610K, capacity 96838K, committed 97048K, reserved 1134592K
  class space    used 11845K, capacity 12800K, committed 12840K, reserved 1048576K
Event: 2054,964 GC heap after
Heap after GC invocations=23 (full 3):
 PSYoungGen      total 275456K, used 41391K [0x00000000e0000000, 0x00000000f5280000, 0x0000000100000000)
  eden space 218624K, 0% used [0x00000000e0000000,0x00000000e0000000,0x00000000ed580000)
  from space 56832K, 72% used [0x00000000f1b00000,0x00000000f436bf68,0x00000000f5280000)
  to   space 64000K, 0% used [0x00000000ed580000,0x00000000ed580000,0x00000000f1400000)
 ParOldGen       total 147456K, used 49600K [0x00000000a0000000, 0x00000000a9000000, 0x00000000e0000000)
  object space 147456K, 33% used [0x00000000a0000000,0x00000000a3070098,0x00000000a9000000)
 Metaspace       used 91610K, capacity 96838K, committed 97048K, reserved 1134592K
  class space    used 11845K, capacity 12800K, committed 12840K, reserved 1048576K
}
Event: 2061,742 GC heap before
{Heap before GC invocations=24 (full 3):
 PSYoungGen      total 275456K, used 100674K [0x00000000e0000000, 0x00000000f5280000, 0x0000000100000000)
  eden space 218624K, 27% used [0x00000000e0000000,0x00000000e39e48f8,0x00000000ed580000)
  from space 56832K, 72% used [0x00000000f1b00000,0x00000000f436bf68,0x00000000f5280000)
  to   space 64000K, 0% used [0x00000000ed580000,0x00000000ed580000,0x00000000f1400000)
 ParOldGen       total 147456K, used 49600K [0x00000000a0000000, 0x00000000a9000000, 0x00000000e0000000)
  object space 147456K, 33% used [0x00000000a0000000,0x00000000a3070098,0x00000000a9000000)
 Metaspace       used 92364K, capacity 98584K, committed 98600K, reserved 1134592K
  class space    used 11996K, capacity 13081K, committed 13096K, reserved 1048576K
Event: 2061,797 GC heap after
Heap after GC invocations=24 (full 3):
 PSYoungGen      total 244736K, used 32809K [0x00000000e0000000, 0x00000000f4680000, 0x0000000100000000)
  eden space 211456K, 0% used [0x00000000e0000000,0x00000000e0000000,0x00000000ece80000)
  from space 33280K, 98% used [0x00000000ed580000,0x00000000ef58a508,0x00000000ef600000)
  to   space 61440K, 0% used [0x00000000f0a80000,0x00000000f0a80000,0x00000000f4680000)
 ParOldGen       total 147456K, used 49608K [0x00000000a0000000, 0x00000000a9000000, 0x00000000e0000000)
  object space 147456K, 33% used [0x00000000a0000000,0x00000000a3072098,0x00000000a9000000)
 Metaspace       used 92364K, capacity 98584K, committed 98600K, reserved 1134592K
  class space    used 11996K, capacity 13081K, committed 13096K, reserved 1048576K
}
Event: 2061,797 GC heap before
{Heap before GC invocations=25 (full 4):
 PSYoungGen      total 244736K, used 32809K [0x00000000e0000000, 0x00000000f4680000, 0x0000000100000000)
  eden space 211456K, 0% used [0x00000000e0000000,0x00000000e0000000,0x00000000ece80000)
  from space 33280K, 98% used [0x00000000ed580000,0x00000000ef58a508,0x00000000ef600000)
  to   space 61440K, 0% used [0x00000000f0a80000,0x00000000f0a80000,0x00000000f4680000)
 ParOldGen       total 147456K, used 49608K [0x00000000a0000000, 0x00000000a9000000, 0x00000000e0000000)
  object space 147456K, 33% used [0x00000000a0000000,0x00000000a3072098,0x00000000a9000000)
 Metaspace       used 92364K, capacity 98584K, committed 98600K, reserved 1134592K
  class space    used 11996K, capacity 13081K, committed 13096K, reserved 1048576K

