# JRE version: OpenJDK Runtime Environment (8.0_202) (build 1.8.0_202-release-1483-b49-5587405)
# Java VM: OpenJDK 64-Bit Server VM (25.202-b49-5587405 mixed mode linux-amd64 compressed oops)
Heap:
 PSYoungGen      total 327168K, used 162351K [0x00000000e0000000, 0x00000000ff800000, 0x0000000100000000)
  eden space 293888K, 55% used [0x00000000e0000000,0x00000000e9e8bd68,0x00000000f1f00000)
  from space 33280K, 0% used [0x00000000f1f00000,0x00000000f1f00000,0x00000000f3f80000)
  to   space 64512K, 0% used [0x00000000fb900000,0x00000000fb900000,0x00000000ff800000)
 ParOldGen       total 320512K, used 162000K [0x00000000a0000000, 0x00000000b3900000, 0x00000000e0000000)
  object space 320512K, 50% used [0x00000000a0000000,0x00000000a9e342d8,0x00000000b3900000)
 Metaspace       used 79127K, capacity 81896K, committed 82472K, reserved 1120256K
  class space    used 10490K, capacity 11144K, committed 11304K, reserved 1048576K
GC Heap History (10 events):
Event: 17,870 GC heap before
{Heap before GC invocations=15 (full 3):
 PSYoungGen      total 219136K, used 219120K [0x00000000e0000000, 0x00000000f2200000, 0x0000000100000000)
  eden space 197120K, 100% used [0x00000000e0000000,0x00000000ec080000,0x00000000ec080000)
  from space 22016K, 99% used [0x00000000ec080000,0x00000000ed5fc188,0x00000000ed600000)
  to   space 27136K, 0% used [0x00000000f0780000,0x00000000f0780000,0x00000000f2200000)
 ParOldGen       total 136192K, used 45668K [0x00000000a0000000, 0x00000000a8500000, 0x00000000e0000000)
  object space 136192K, 33% used [0x00000000a0000000,0x00000000a2c990a8,0x00000000a8500000)
 Metaspace       used 64848K, capacity 67050K, committed 67240K, reserved 1107968K
  class space    used 8725K, capacity 9263K, committed 9384K, reserved 1048576K
Event: 17,908 GC heap after
Heap after GC invocations=15 (full 3):
 PSYoungGen      total 264704K, used 13733K [0x00000000e0000000, 0x00000000f1f00000, 0x0000000100000000)
  eden space 240640K, 0% used [0x00000000e0000000,0x00000000e0000000,0x00000000eeb00000)
  from space 24064K, 57% used [0x00000000f0780000,0x00000000f14e9780,0x00000000f1f00000)
  to   space 26624K, 0% used [0x00000000eeb00000,0x00000000eeb00000,0x00000000f0500000)
 ParOldGen       total 136192K, used 65044K [0x00000000a0000000, 0x00000000a8500000, 0x00000000e0000000)
  object space 136192K, 47% used [0x00000000a0000000,0x00000000a3f85280,0x00000000a8500000)
 Metaspace       used 64848K, capacity 67050K, committed 67240K, reserved 1107968K
  class space    used 8725K, capacity 9263K, committed 9384K, reserved 1048576K
}
Event: 21,449 GC heap before
{Heap before GC invocations=16 (full 3):
 PSYoungGen      total 264704K, used 254373K [0x00000000e0000000, 0x00000000f1f00000, 0x0000000100000000)
  eden space 240640K, 100% used [0x00000000e0000000,0x00000000eeb00000,0x00000000eeb00000)
  from space 24064K, 57% used [0x00000000f0780000,0x00000000f14e9780,0x00000000f1f00000)
  to   space 26624K, 0% used [0x00000000eeb00000,0x00000000eeb00000,0x00000000f0500000)
 ParOldGen       total 136192K, used 65044K [0x00000000a0000000, 0x00000000a8500000, 0x00000000e0000000)
  object space 136192K, 47% used [0x00000000a0000000,0x00000000a3f85280,0x00000000a8500000)
 Metaspace       used 75678K, capacity 78280K, committed 78376K, reserved 1116160K
  class space    used 10136K, capacity 10766K, committed 10792K, reserved 1048576K
Event: 21,509 GC heap after
Heap after GC invocations=16 (full 3):
 PSYoungGen      total 267264K, used 26620K [0x00000000e0000000, 0x00000000f6000000, 0x0000000100000000)
  eden space 240640K, 0% used [0x00000000e0000000,0x00000000e0000000,0x00000000eeb00000)
  from space 26624K, 99% used [0x00000000eeb00000,0x00000000f04ff230,0x00000000f0500000)
  to   space 33280K, 0% used [0x00000000f3f80000,0x00000000f3f80000,0x00000000f6000000)
 ParOldGen       total 136192K, used 72486K [0x00000000a0000000, 0x00000000a8500000, 0x00000000e0000000)
  object space 136192K, 53% used [0x00000000a0000000,0x00000000a46c9bc8,0x00000000a8500000)
 Metaspace       used 75678K, capacity 78280K, committed 78376K, reserved 1116160K
  class space    used 10136K, capacity 10766K, committed 10792K, reserved 1048576K
}
Event: 23,918 GC heap before
{Heap before GC invocations=17 (full 3):
 PSYoungGen      total 267264K, used 267233K [0x00000000e0000000, 0x00000000f6000000, 0x0000000100000000)
  eden space 240640K, 99% used [0x00000000e0000000,0x00000000eeaf92f0,0x00000000eeb00000)
  from space 26624K, 99% used [0x00000000eeb00000,0x00000000f04ff230,0x00000000f0500000)
  to   space 33280K, 0% used [0x00000000f3f80000,0x00000000f3f80000,0x00000000f6000000)
 ParOldGen       total 136192K, used 72486K [0x00000000a0000000, 0x00000000a8500000, 0x00000000e0000000)
  object space 136192K, 53% used [0x00000000a0000000,0x00000000a46c9bc8,0x00000000a8500000)
 Metaspace       used 78159K, capacity 81018K, committed 81192K, reserved 1120256K
  class space    used 10404K, capacity 11047K, committed 11048K, reserved 1048576K
Event: 23,960 GC heap after
Heap after GC invocations=17 (full 3):
 PSYoungGen      total 327168K, used 3804K [0x00000000e0000000, 0x00000000f6080000, 0x0000000100000000)
  eden space 293888K, 0% used [0x00000000e0000000,0x00000000e0000000,0x00000000f1f00000)
  from space 33280K, 11% used [0x00000000f3f80000,0x00000000f43370a8,0x00000000f6000000)
  to   space 33280K, 0% used [0x00000000f1f00000,0x00000000f1f00000,0x00000000f3f80000)
 ParOldGen       total 136192K, used 92272K [0x00000000a0000000, 0x00000000a8500000, 0x00000000e0000000)
  object space 136192K, 67% used [0x00000000a0000000,0x00000000a5a1c0a8,0x00000000a8500000)
 Metaspace       used 78159K, capacity 81018K, committed 81192K, reserved 1120256K
  class space    used 10404K, capacity 11047K, committed 11048K, reserved 1048576K
}
Event: 26,520 GC heap before
{Heap before GC invocations=18 (full 3):
 PSYoungGen      total 327168K, used 297692K [0x00000000e0000000, 0x00000000f6080000, 0x0000000100000000)
  eden space 293888K, 100% used [0x00000000e0000000,0x00000000f1f00000,0x00000000f1f00000)
  from space 33280K, 11% used [0x00000000f3f80000,0x00000000f43370a8,0x00000000f6000000)
  to   space 33280K, 0% used [0x00000000f1f00000,0x00000000f1f00000,0x00000000f3f80000)
 ParOldGen       total 136192K, used 92272K [0x00000000a0000000, 0x00000000a8500000, 0x00000000e0000000)
  object space 136192K, 67% used [0x00000000a0000000,0x00000000a5a1c0a8,0x00000000a8500000)
 Metaspace       used 79178K, capacity 82126K, committed 82472K, reserved 1120256K
  class space    used 10525K, capacity 11209K, committed 11304K, reserved 1048576K
Event: 26,725 GC heap after
Heap after GC invocations=18 (full 3):
 PSYoungGen      total 327168K, used 33261K [0x00000000e0000000, 0x00000000ff800000, 0x0000000100000000)
  eden space 293888K, 0% used [0x00000000e0000000,0x00000000e0000000,0x00000000f1f00000)
  from space 33280K, 99% used [0x00000000f1f00000,0x00000000f3f7b630,0x00000000f3f80000)
  to   space 64512K, 0% used [0x00000000fb900000,0x00000000fb900000,0x00000000ff800000)
 ParOldGen       total 163328K, used 163034K [0x00000000a0000000, 0x00000000a9f80000, 0x00000000e0000000)
  object space 163328K, 99% used [0x00000000a0000000,0x00000000a9f36930,0x00000000a9f80000)
 Metaspace       used 79178K, capacity 82126K, committed 82472K, reserved 1120256K
  class space    used 10525K, capacity 11209K, committed 11304K, reserved 1048576K
}
Event: 26,725 GC heap before
{Heap before GC invocations=19 (full 4):
 PSYoungGen      total 327168K, used 33261K [0x00000000e0000000, 0x00000000ff800000, 0x0000000100000000)
  eden space 293888K, 0% used [0x00000000e0000000,0x00000000e0000000,0x00000000f1f00000)
  from space 33280K, 99% used [0x00000000f1f00000,0x00000000f3f7b630,0x00000000f3f80000)
  to   space 64512K, 0% used [0x00000000fb900000,0x00000000fb900000,0x00000000ff800000)
 ParOldGen       total 163328K, used 163034K [0x00000000a0000000, 0x00000000a9f80000, 0x00000000e0000000)
  object space 163328K, 99% used [0x00000000a0000000,0x00000000a9f36930,0x00000000a9f80000)
 Metaspace       used 79178K, capacity 82126K, committed 82472K, reserved 1120256K
  class space    used 10525K, capacity 11209K, committed 11304K, reserved 1048576K
Event: 27,495 GC heap after
Heap after GC invocations=19 (full 4):
 PSYoungGen      total 327168K, used 0K [0x00000000e0000000, 0x00000000ff800000, 0x0000000100000000)
  eden space 293888K, 0% used [0x00000000e0000000,0x00000000e0000000,0x00000000f1f00000)
  from space 33280K, 0% used [0x00000000f1f00000,0x00000000f1f00000,0x00000000f3f80000)
  to   space 64512K, 0% used [0x00000000fb900000,0x00000000fb900000,0x00000000ff800000)
 ParOldGen       total 320512K, used 162000K [0x00000000a0000000, 0x00000000b3900000, 0x00000000e0000000)
  object space 320512K, 50% used [0x00000000a0000000,0x00000000a9e342d8,0x00000000b3900000)
 Metaspace       used 79066K, capacity 81824K, committed 82472K, reserved 1120256K
  class space    used 10488K, capacity 11144K, committed 11304K, reserved 1048576K
}

