# JRE version: OpenJDK Runtime Environment (8.0_242) (build 1.8.0_242-release-1644-b3-6222593)
# Java VM: OpenJDK 64-Bit Server VM (25.242-b3-6222593 mixed mode linux-amd64 compressed oops)
Heap:
 PSYoungGen      total 205312K, used 74693K [0x00000000e0000000, 0x00000000f2e80000, 0x0000000100000000)
  eden space 189952K, 31% used [0x00000000e0000000,0x00000000e39f64a0,0x00000000eb980000)
  from space 15360K, 99% used [0x00000000eb980000,0x00000000ec87b108,0x00000000ec880000)
  to   space 20992K, 0% used [0x00000000f1a00000,0x00000000f1a00000,0x00000000f2e80000)
 ParOldGen       total 101376K, used 22543K [0x00000000a0000000, 0x00000000a6300000, 0x00000000e0000000)
  object space 101376K, 22% used [0x00000000a0000000,0x00000000a1603f98,0x00000000a6300000)
 Metaspace       used 53620K, capacity 55580K, committed 55720K, reserved 1097728K
  class space    used 7310K, capacity 7785K, committed 7856K, reserved 1048576K
GC Heap History (10 events):
Event: 3,439 GC heap before
{Heap before GC invocations=5 (full 1):
 PSYoungGen      total 132096K, used 5092K [0x00000000e0000000, 0x00000000e8600000, 0x0000000100000000)
  eden space 126976K, 0% used [0x00000000e0000000,0x00000000e0000000,0x00000000e7c00000)
  from space 5120K, 99% used [0x00000000e8100000,0x00000000e85f9060,0x00000000e8600000)
  to   space 5120K, 0% used [0x00000000e7c00000,0x00000000e7c00000,0x00000000e8100000)
 ParOldGen       total 84992K, used 11125K [0x00000000a0000000, 0x00000000a5300000, 0x00000000e0000000)
  object space 84992K, 13% used [0x00000000a0000000,0x00000000a0add780,0x00000000a5300000)
 Metaspace       used 20553K, capacity 21238K, committed 21296K, reserved 1067008K
  class space    used 2880K, capacity 3087K, committed 3120K, reserved 1048576K
Event: 3,493 GC heap after
Heap after GC invocations=5 (full 1):
 PSYoungGen      total 132096K, used 0K [0x00000000e0000000, 0x00000000e8600000, 0x0000000100000000)
  eden space 126976K, 0% used [0x00000000e0000000,0x00000000e0000000,0x00000000e7c00000)
  from space 5120K, 0% used [0x00000000e8100000,0x00000000e8100000,0x00000000e8600000)
  to   space 5120K, 0% used [0x00000000e7c00000,0x00000000e7c00000,0x00000000e8100000)
 ParOldGen       total 67072K, used 11242K [0x00000000a0000000, 0x00000000a4180000, 0x00000000e0000000)
  object space 67072K, 16% used [0x00000000a0000000,0x00000000a0afab68,0x00000000a4180000)
 Metaspace       used 20553K, capacity 21238K, committed 21296K, reserved 1067008K
  class space    used 2880K, capacity 3087K, committed 3120K, reserved 1048576K
}
Event: 5,680 GC heap before
{Heap before GC invocations=6 (full 1):
 PSYoungGen      total 132096K, used 126976K [0x00000000e0000000, 0x00000000e8600000, 0x0000000100000000)
  eden space 126976K, 100% used [0x00000000e0000000,0x00000000e7c00000,0x00000000e7c00000)
  from space 5120K, 0% used [0x00000000e8100000,0x00000000e8100000,0x00000000e8600000)
  to   space 5120K, 0% used [0x00000000e7c00000,0x00000000e7c00000,0x00000000e8100000)
 ParOldGen       total 67072K, used 11242K [0x00000000a0000000, 0x00000000a4180000, 0x00000000e0000000)
  object space 67072K, 16% used [0x00000000a0000000,0x00000000a0afab68,0x00000000a4180000)
 Metaspace       used 31940K, capacity 32770K, committed 33072K, reserved 1077248K
  class space    used 4351K, capacity 4580K, committed 4656K, reserved 1048576K
Event: 5,704 GC heap after
Heap after GC invocations=6 (full 1):
 PSYoungGen      total 132096K, used 5120K [0x00000000e0000000, 0x00000000ed880000, 0x0000000100000000)
  eden space 126976K, 0% used [0x00000000e0000000,0x00000000e0000000,0x00000000e7c00000)
  from space 5120K, 100% used [0x00000000e7c00000,0x00000000e8100000,0x00000000e8100000)
  to   space 16384K, 0% used [0x00000000ec880000,0x00000000ec880000,0x00000000ed880000)
 ParOldGen       total 67072K, used 19116K [0x00000000a0000000, 0x00000000a4180000, 0x00000000e0000000)
  object space 67072K, 28% used [0x00000000a0000000,0x00000000a12ab168,0x00000000a4180000)
 Metaspace       used 31940K, capacity 32770K, committed 33072K, reserved 1077248K
  class space    used 4351K, capacity 4580K, committed 4656K, reserved 1048576K
}
Event: 6,450 GC heap before
{Heap before GC invocations=7 (full 1):
 PSYoungGen      total 132096K, used 57452K [0x00000000e0000000, 0x00000000ed880000, 0x0000000100000000)
  eden space 126976K, 41% used [0x00000000e0000000,0x00000000e331b160,0x00000000e7c00000)
  from space 5120K, 100% used [0x00000000e7c00000,0x00000000e8100000,0x00000000e8100000)
  to   space 16384K, 0% used [0x00000000ec880000,0x00000000ec880000,0x00000000ed880000)
 ParOldGen       total 67072K, used 19116K [0x00000000a0000000, 0x00000000a4180000, 0x00000000e0000000)
  object space 67072K, 28% used [0x00000000a0000000,0x00000000a12ab168,0x00000000a4180000)
 Metaspace       used 34440K, capacity 35396K, committed 35496K, reserved 1079296K
  class space    used 4718K, capacity 4943K, committed 5040K, reserved 1048576K
Event: 6,473 GC heap after
Heap after GC invocations=7 (full 1):
 PSYoungGen      total 206336K, used 8698K [0x00000000e0000000, 0x00000000edd80000, 0x0000000100000000)
  eden space 189952K, 0% used [0x00000000e0000000,0x00000000e0000000,0x00000000eb980000)
  from space 16384K, 53% used [0x00000000ec880000,0x00000000ed0febe8,0x00000000ed880000)
  to   space 15360K, 0% used [0x00000000eb980000,0x00000000eb980000,0x00000000ec880000)
 ParOldGen       total 67072K, used 19124K [0x00000000a0000000, 0x00000000a4180000, 0x00000000e0000000)
  object space 67072K, 28% used [0x00000000a0000000,0x00000000a12ad168,0x00000000a4180000)
 Metaspace       used 34440K, capacity 35396K, committed 35496K, reserved 1079296K
  class space    used 4718K, capacity 4943K, committed 5040K, reserved 1048576K
}
Event: 6,473 GC heap before
{Heap before GC invocations=8 (full 2):
 PSYoungGen      total 206336K, used 8698K [0x00000000e0000000, 0x00000000edd80000, 0x0000000100000000)
  eden space 189952K, 0% used [0x00000000e0000000,0x00000000e0000000,0x00000000eb980000)
  from space 16384K, 53% used [0x00000000ec880000,0x00000000ed0febe8,0x00000000ed880000)
  to   space 15360K, 0% used [0x00000000eb980000,0x00000000eb980000,0x00000000ec880000)
 ParOldGen       total 67072K, used 19124K [0x00000000a0000000, 0x00000000a4180000, 0x00000000e0000000)
  object space 67072K, 28% used [0x00000000a0000000,0x00000000a12ad168,0x00000000a4180000)
 Metaspace       used 34440K, capacity 35396K, committed 35496K, reserved 1079296K
  class space    used 4718K, capacity 4943K, committed 5040K, reserved 1048576K
Event: 6,575 GC heap after
Heap after GC invocations=8 (full 2):
 PSYoungGen      total 206336K, used 0K [0x00000000e0000000, 0x00000000edd80000, 0x0000000100000000)
  eden space 189952K, 0% used [0x00000000e0000000,0x00000000e0000000,0x00000000eb980000)
  from space 16384K, 0% used [0x00000000ec880000,0x00000000ec880000,0x00000000ed880000)
  to   space 15360K, 0% used [0x00000000eb980000,0x00000000eb980000,0x00000000ec880000)
 ParOldGen       total 101376K, used 15778K [0x00000000a0000000, 0x00000000a6300000, 0x00000000e0000000)
  object space 101376K, 15% used [0x00000000a0000000,0x00000000a0f689f0,0x00000000a6300000)
 Metaspace       used 34440K, capacity 35396K, committed 35496K, reserved 1079296K
  class space    used 4718K, capacity 4943K, committed 5040K, reserved 1048576K
}
Event: 10,162 GC heap before
{Heap before GC invocations=9 (full 2):
 PSYoungGen      total 206336K, used 189952K [0x00000000e0000000, 0x00000000edd80000, 0x0000000100000000)
  eden space 189952K, 100% used [0x00000000e0000000,0x00000000eb980000,0x00000000eb980000)
  from space 16384K, 0% used [0x00000000ec880000,0x00000000ec880000,0x00000000ed880000)
  to   space 15360K, 0% used [0x00000000eb980000,0x00000000eb980000,0x00000000ec880000)
 ParOldGen       total 101376K, used 15778K [0x00000000a0000000, 0x00000000a6300000, 0x00000000e0000000)
  object space 101376K, 15% used [0x00000000a0000000,0x00000000a0f689f0,0x00000000a6300000)
 Metaspace       used 49329K, capacity 51046K, committed 51368K, reserved 1093632K
  class space    used 6607K, capacity 7042K, committed 7088K, reserved 1048576K
Event: 10,209 GC heap after
Heap after GC invocations=9 (full 2):
 PSYoungGen      total 205312K, used 15340K [0x00000000e0000000, 0x00000000f2e80000, 0x0000000100000000)
  eden space 189952K, 0% used [0x00000000e0000000,0x00000000e0000000,0x00000000eb980000)
  from space 15360K, 99% used [0x00000000eb980000,0x00000000ec87b108,0x00000000ec880000)
  to   space 20992K, 0% used [0x00000000f1a00000,0x00000000f1a00000,0x00000000f2e80000)
 ParOldGen       total 101376K, used 22543K [0x00000000a0000000, 0x00000000a6300000, 0x00000000e0000000)
  object space 101376K, 22% used [0x00000000a0000000,0x00000000a1603f98,0x00000000a6300000)
 Metaspace       used 49329K, capacity 51046K, committed 51368K, reserved 1093632K
  class space    used 6607K, capacity 7042K, committed 7088K, reserved 1048576K
}

