# JRE version: OpenJDK Runtime Environment (8.0_202) (build 1.8.0_202-release-1483-b49-5587405)
# Java VM: OpenJDK 64-Bit Server VM (25.202-b49-5587405 mixed mode linux-amd64 compressed oops)
Heap:
 PSYoungGen      total 234496K, used 18404K [0x00000000e0000000, 0x00000000f0600000, 0x0000000100000000)
  eden space 216064K, 0% used [0x00000000e0000000,0x00000000e0000000,0x00000000ed300000)
  from space 18432K, 99% used [0x00000000ee980000,0x00000000efb79310,0x00000000efb80000)
  to   space 23040K, 0% used [0x00000000ed300000,0x00000000ed300000,0x00000000ee980000)
 ParOldGen       total 85504K, used 28571K [0x00000000a0000000, 0x00000000a5380000, 0x00000000e0000000)
  object space 85504K, 33% used [0x00000000a0000000,0x00000000a1be6e20,0x00000000a5380000)
 Metaspace       used 57014K, capacity 59026K, committed 59096K, reserved 1099776K
  class space    used 7838K, capacity 8275K, committed 8320K, reserved 1048576K
GC Heap History (10 events):
Event: 8,847 GC heap after
Heap after GC invocations=8 (full 1):
 PSYoungGen      total 135680K, used 11260K [0x00000000e0000000, 0x00000000ec300000, 0x0000000100000000)
  eden space 124416K, 0% used [0x00000000e0000000,0x00000000e0000000,0x00000000e7980000)
  from space 11264K, 99% used [0x00000000e7980000,0x00000000e847f148,0x00000000e8480000)
  to   space 13824K, 0% used [0x00000000eb580000,0x00000000eb580000,0x00000000ec300000)
 ParOldGen       total 59904K, used 12740K [0x00000000a0000000, 0x00000000a3a80000, 0x00000000e0000000)
  object space 59904K, 21% used [0x00000000a0000000,0x00000000a0c71188,0x00000000a3a80000)
 Metaspace       used 34035K, capacity 34932K, committed 35200K, reserved 1079296K
  class space    used 4724K, capacity 4926K, committed 4992K, reserved 1048576K
}
Event: 10,262 GC heap before
{Heap before GC invocations=9 (full 1):
 PSYoungGen      total 135680K, used 26492K [0x00000000e0000000, 0x00000000ec300000, 0x0000000100000000)
  eden space 124416K, 12% used [0x00000000e0000000,0x00000000e0ee00c8,0x00000000e7980000)
  from space 11264K, 99% used [0x00000000e7980000,0x00000000e847f148,0x00000000e8480000)
  to   space 13824K, 0% used [0x00000000eb580000,0x00000000eb580000,0x00000000ec300000)
 ParOldGen       total 59904K, used 12740K [0x00000000a0000000, 0x00000000a3a80000, 0x00000000e0000000)
  object space 59904K, 21% used [0x00000000a0000000,0x00000000a0c71188,0x00000000a3a80000)
 Metaspace       used 34459K, capacity 35436K, committed 35456K, reserved 1079296K
  class space    used 4760K, capacity 4972K, committed 4992K, reserved 1048576K
Event: 10,270 GC heap after
Heap after GC invocations=9 (full 1):
 PSYoungGen      total 185856K, used 9392K [0x00000000e0000000, 0x00000000ee080000, 0x0000000100000000)
  eden space 172032K, 0% used [0x00000000e0000000,0x00000000e0000000,0x00000000ea800000)
  from space 13824K, 67% used [0x00000000eb580000,0x00000000ebeac010,0x00000000ec300000)
  to   space 13824K, 0% used [0x00000000ea800000,0x00000000ea800000,0x00000000eb580000)
 ParOldGen       total 59904K, used 12748K [0x00000000a0000000, 0x00000000a3a80000, 0x00000000e0000000)
  object space 59904K, 21% used [0x00000000a0000000,0x00000000a0c73188,0x00000000a3a80000)
 Metaspace       used 34459K, capacity 35436K, committed 35456K, reserved 1079296K
  class space    used 4760K, capacity 4972K, committed 4992K, reserved 1048576K
}
Event: 10,270 GC heap before
{Heap before GC invocations=10 (full 2):
 PSYoungGen      total 185856K, used 9392K [0x00000000e0000000, 0x00000000ee080000, 0x0000000100000000)
  eden space 172032K, 0% used [0x00000000e0000000,0x00000000e0000000,0x00000000ea800000)
  from space 13824K, 67% used [0x00000000eb580000,0x00000000ebeac010,0x00000000ec300000)
  to   space 13824K, 0% used [0x00000000ea800000,0x00000000ea800000,0x00000000eb580000)
 ParOldGen       total 59904K, used 12748K [0x00000000a0000000, 0x00000000a3a80000, 0x00000000e0000000)
  object space 59904K, 21% used [0x00000000a0000000,0x00000000a0c73188,0x00000000a3a80000)
 Metaspace       used 34459K, capacity 35436K, committed 35456K, reserved 1079296K
  class space    used 4760K, capacity 4972K, committed 4992K, reserved 1048576K
Event: 10,344 GC heap after
Heap after GC invocations=10 (full 2):
 PSYoungGen      total 185856K, used 0K [0x00000000e0000000, 0x00000000ee080000, 0x0000000100000000)
  eden space 172032K, 0% used [0x00000000e0000000,0x00000000e0000000,0x00000000ea800000)
  from space 13824K, 0% used [0x00000000eb580000,0x00000000eb580000,0x00000000ec300000)
  to   space 13824K, 0% used [0x00000000ea800000,0x00000000ea800000,0x00000000eb580000)
 ParOldGen       total 85504K, used 16410K [0x00000000a0000000, 0x00000000a5380000, 0x00000000e0000000)
  object space 85504K, 19% used [0x00000000a0000000,0x00000000a10068b0,0x00000000a5380000)
 Metaspace       used 34448K, capacity 35400K, committed 35456K, reserved 1079296K
  class space    used 4757K, capacity 4966K, committed 4992K, reserved 1048576K
}
Event: 15,888 GC heap before
{Heap before GC invocations=11 (full 2):
 PSYoungGen      total 185856K, used 172032K [0x00000000e0000000, 0x00000000ee080000, 0x0000000100000000)
  eden space 172032K, 100% used [0x00000000e0000000,0x00000000ea800000,0x00000000ea800000)
  from space 13824K, 0% used [0x00000000eb580000,0x00000000eb580000,0x00000000ec300000)
  to   space 13824K, 0% used [0x00000000ea800000,0x00000000ea800000,0x00000000eb580000)
 ParOldGen       total 85504K, used 16410K [0x00000000a0000000, 0x00000000a5380000, 0x00000000e0000000)
  object space 85504K, 19% used [0x00000000a0000000,0x00000000a10068b0,0x00000000a5380000)
 Metaspace       used 48897K, capacity 50574K, committed 50688K, reserved 1093632K
  class space    used 6640K, capacity 7071K, committed 7168K, reserved 1048576K
Event: 15,906 GC heap after
Heap after GC invocations=11 (full 2):
 PSYoungGen      total 185856K, used 13823K [0x00000000e0000000, 0x00000000efb80000, 0x0000000100000000)
  eden space 172032K, 0% used [0x00000000e0000000,0x00000000e0000000,0x00000000ea800000)
  from space 13824K, 99% used [0x00000000ea800000,0x00000000eb57fe58,0x00000000eb580000)
  to   space 18432K, 0% used [0x00000000ee980000,0x00000000ee980000,0x00000000efb80000)
 ParOldGen       total 85504K, used 23337K [0x00000000a0000000, 0x00000000a5380000, 0x00000000e0000000)
  object space 85504K, 27% used [0x00000000a0000000,0x00000000a16ca4b8,0x00000000a5380000)
 Metaspace       used 48897K, capacity 50574K, committed 50688K, reserved 1093632K
  class space    used 6640K, capacity 7071K, committed 7168K, reserved 1048576K
}
Event: 18,193 GC heap before
{Heap before GC invocations=12 (full 2):
 PSYoungGen      total 185856K, used 152262K [0x00000000e0000000, 0x00000000efb80000, 0x0000000100000000)
  eden space 172032K, 80% used [0x00000000e0000000,0x00000000e8731b58,0x00000000ea800000)
  from space 13824K, 99% used [0x00000000ea800000,0x00000000eb57fe58,0x00000000eb580000)
  to   space 18432K, 0% used [0x00000000ee980000,0x00000000ee980000,0x00000000efb80000)
 ParOldGen       total 85504K, used 23337K [0x00000000a0000000, 0x00000000a5380000, 0x00000000e0000000)
  object space 85504K, 27% used [0x00000000a0000000,0x00000000a16ca4b8,0x00000000a5380000)
 Metaspace       used 57014K, capacity 59026K, committed 59096K, reserved 1099776K
  class space    used 7838K, capacity 8275K, committed 8320K, reserved 1048576K
Event: 18,220 GC heap after
Heap after GC invocations=12 (full 2):
 PSYoungGen      total 234496K, used 18404K [0x00000000e0000000, 0x00000000f0600000, 0x0000000100000000)
  eden space 216064K, 0% used [0x00000000e0000000,0x00000000e0000000,0x00000000ed300000)
  from space 18432K, 99% used [0x00000000ee980000,0x00000000efb79310,0x00000000efb80000)
  to   space 23040K, 0% used [0x00000000ed300000,0x00000000ed300000,0x00000000ee980000)
 ParOldGen       total 85504K, used 28571K [0x00000000a0000000, 0x00000000a5380000, 0x00000000e0000000)
  object space 85504K, 33% used [0x00000000a0000000,0x00000000a1be6e20,0x00000000a5380000)
 Metaspace       used 57014K, capacity 59026K, committed 59096K, reserved 1099776K
  class space    used 7838K, capacity 8275K, committed 8320K, reserved 1048576K
}
Event: 18,220 GC heap before
{Heap before GC invocations=13 (full 3):
 PSYoungGen      total 234496K, used 18404K [0x00000000e0000000, 0x00000000f0600000, 0x0000000100000000)
  eden space 216064K, 0% used [0x00000000e0000000,0x00000000e0000000,0x00000000ed300000)
  from space 18432K, 99% used [0x00000000ee980000,0x00000000efb79310,0x00000000efb80000)
  to   space 23040K, 0% used [0x00000000ed300000,0x00000000ed300000,0x00000000ee980000)
 ParOldGen       total 85504K, used 28571K [0x00000000a0000000, 0x00000000a5380000, 0x00000000e0000000)
  object space 85504K, 33% used [0x00000000a0000000,0x00000000a1be6e20,0x00000000a5380000)
 Metaspace       used 57014K, capacity 59026K, committed 59096K, reserved 1099776K
  class space    used 7838K, capacity 8275K, committed 8320K, reserved 1048576K

