# JRE version: OpenJDK Runtime Environment (8.0_202) (build 1.8.0_202-release-1483-b49-5587405)
# Java VM: OpenJDK 64-Bit Server VM (25.202-b49-5587405 mixed mode linux-amd64 compressed oops)
Heap:
 PSYoungGen      total 289280K, used 68554K [0x00000000e0000000, 0x00000000f7f00000, 0x0000000100000000)
  eden space 237056K, 6% used [0x00000000e0000000,0x00000000e0ff54c8,0x00000000ee780000)
  from space 52224K, 99% used [0x00000000ee780000,0x00000000f1a7d490,0x00000000f1a80000)
  to   space 63488K, 0% used [0x00000000f4100000,0x00000000f4100000,0x00000000f7f00000)
 ParOldGen       total 152064K, used 95609K [0x00000000a0000000, 0x00000000a9480000, 0x00000000e0000000)
  object space 152064K, 62% used [0x00000000a0000000,0x00000000a5d5e7b0,0x00000000a9480000)
 Metaspace       used 88955K, capacity 93170K, committed 93440K, reserved 1130496K
  class space    used 11614K, capacity 12440K, committed 12544K, reserved 1048576K
GC Heap History (10 events):
Event: 2255,340 GC heap before
{Heap before GC invocations=18 (full 3):
 PSYoungGen      total 227328K, used 227323K [0x00000000e0000000, 0x00000000efd80000, 0x0000000100000000)
  eden space 204800K, 100% used [0x00000000e0000000,0x00000000ec800000,0x00000000ec800000)
  from space 22528K, 99% used [0x00000000ee200000,0x00000000ef7fede8,0x00000000ef800000)
  to   space 26624K, 0% used [0x00000000ec800000,0x00000000ec800000,0x00000000ee200000)
 ParOldGen       total 152064K, used 35439K [0x00000000a0000000, 0x00000000a9480000, 0x00000000e0000000)
  object space 152064K, 23% used [0x00000000a0000000,0x00000000a229bee0,0x00000000a9480000)
 Metaspace       used 83340K, capacity 86858K, committed 87040K, reserved 1124352K
  class space    used 11020K, capacity 11722K, committed 11776K, reserved 1048576K
Event: 2255,390 GC heap after
Heap after GC invocations=18 (full 3):
 PSYoungGen      total 231424K, used 26612K [0x00000000e0000000, 0x00000000f2780000, 0x0000000100000000)
  eden space 204800K, 0% used [0x00000000e0000000,0x00000000e0000000,0x00000000ec800000)
  from space 26624K, 99% used [0x00000000ec800000,0x00000000ee1fd1d8,0x00000000ee200000)
  to   space 32256K, 0% used [0x00000000f0800000,0x00000000f0800000,0x00000000f2780000)
 ParOldGen       total 152064K, used 40795K [0x00000000a0000000, 0x00000000a9480000, 0x00000000e0000000)
  object space 152064K, 26% used [0x00000000a0000000,0x00000000a27d6fb8,0x00000000a9480000)
 Metaspace       used 83340K, capacity 86858K, committed 87040K, reserved 1124352K
  class space    used 11020K, capacity 11722K, committed 11776K, reserved 1048576K
}
Event: 2257,131 GC heap before
{Heap before GC invocations=19 (full 3):
 PSYoungGen      total 231424K, used 231412K [0x00000000e0000000, 0x00000000f2780000, 0x0000000100000000)
  eden space 204800K, 100% used [0x00000000e0000000,0x00000000ec800000,0x00000000ec800000)
  from space 26624K, 99% used [0x00000000ec800000,0x00000000ee1fd1d8,0x00000000ee200000)
  to   space 32256K, 0% used [0x00000000f0800000,0x00000000f0800000,0x00000000f2780000)
 ParOldGen       total 152064K, used 40795K [0x00000000a0000000, 0x00000000a9480000, 0x00000000e0000000)
  object space 152064K, 26% used [0x00000000a0000000,0x00000000a27d6fb8,0x00000000a9480000)
 Metaspace       used 84347K, capacity 87952K, committed 88192K, reserved 1126400K
  class space    used 11157K, capacity 11867K, committed 11904K, reserved 1048576K
Event: 2257,197 GC heap after
Heap after GC invocations=19 (full 3):
 PSYoungGen      total 250368K, used 32238K [0x00000000e0000000, 0x00000000f5480000, 0x0000000100000000)
  eden space 218112K, 0% used [0x00000000e0000000,0x00000000e0000000,0x00000000ed500000)
  from space 32256K, 99% used [0x00000000f0800000,0x00000000f277bbf0,0x00000000f2780000)
  to   space 52224K, 0% used [0x00000000ed500000,0x00000000ed500000,0x00000000f0800000)
 ParOldGen       total 152064K, used 81307K [0x00000000a0000000, 0x00000000a9480000, 0x00000000e0000000)
  object space 152064K, 53% used [0x00000000a0000000,0x00000000a4f66d70,0x00000000a9480000)
 Metaspace       used 84347K, capacity 87952K, committed 88192K, reserved 1126400K
  class space    used 11157K, capacity 11867K, committed 11904K, reserved 1048576K
}
Event: 3936,265 GC heap before
{Heap before GC invocations=20 (full 3):
 PSYoungGen      total 250368K, used 250350K [0x00000000e0000000, 0x00000000f5480000, 0x0000000100000000)
  eden space 218112K, 100% used [0x00000000e0000000,0x00000000ed500000,0x00000000ed500000)
  from space 32256K, 99% used [0x00000000f0800000,0x00000000f277bbf0,0x00000000f2780000)
  to   space 52224K, 0% used [0x00000000ed500000,0x00000000ed500000,0x00000000f0800000)
 ParOldGen       total 152064K, used 81307K [0x00000000a0000000, 0x00000000a9480000, 0x00000000e0000000)
  object space 152064K, 53% used [0x00000000a0000000,0x00000000a4f66d70,0x00000000a9480000)
 Metaspace       used 87173K, capacity 91142K, committed 91392K, reserved 1128448K
  class space    used 11515K, capacity 12268K, committed 12288K, reserved 1048576K
Event: 3936,356 GC heap after
Heap after GC invocations=20 (full 3):
 PSYoungGen      total 270336K, used 36014K [0x00000000e0000000, 0x00000000f5680000, 0x0000000100000000)
  eden space 218112K, 0% used [0x00000000e0000000,0x00000000e0000000,0x00000000ed500000)
  from space 52224K, 68% used [0x00000000ed500000,0x00000000ef82b9a0,0x00000000f0800000)
  to   space 54784K, 0% used [0x00000000f2100000,0x00000000f2100000,0x00000000f5680000)
 ParOldGen       total 152064K, used 87152K [0x00000000a0000000, 0x00000000a9480000, 0x00000000e0000000)
  object space 152064K, 57% used [0x00000000a0000000,0x00000000a551c2e0,0x00000000a9480000)
 Metaspace       used 87173K, capacity 91142K, committed 91392K, reserved 1128448K
  class space    used 11515K, capacity 12268K, committed 12288K, reserved 1048576K
}
Event: 4034,681 GC heap before
{Heap before GC invocations=21 (full 3):
 PSYoungGen      total 270336K, used 254126K [0x00000000e0000000, 0x00000000f5680000, 0x0000000100000000)
  eden space 218112K, 100% used [0x00000000e0000000,0x00000000ed500000,0x00000000ed500000)
  from space 52224K, 68% used [0x00000000ed500000,0x00000000ef82b9a0,0x00000000f0800000)
  to   space 54784K, 0% used [0x00000000f2100000,0x00000000f2100000,0x00000000f5680000)
 ParOldGen       total 152064K, used 87152K [0x00000000a0000000, 0x00000000a9480000, 0x00000000e0000000)
  object space 152064K, 57% used [0x00000000a0000000,0x00000000a551c2e0,0x00000000a9480000)
 Metaspace       used 88512K, capacity 92664K, committed 92800K, reserved 1130496K
  class space    used 11605K, capacity 12393K, committed 12416K, reserved 1048576K
Event: 4034,750 GC heap after
Heap after GC invocations=21 (full 3):
 PSYoungGen      total 282624K, used 24606K [0x00000000e0000000, 0x00000000f4d80000, 0x0000000100000000)
  eden space 237056K, 0% used [0x00000000e0000000,0x00000000e0000000,0x00000000ee780000)
  from space 45568K, 53% used [0x00000000f2100000,0x00000000f3907a70,0x00000000f4d80000)
  to   space 52224K, 0% used [0x00000000ee780000,0x00000000ee780000,0x00000000f1a80000)
 ParOldGen       total 152064K, used 87160K [0x00000000a0000000, 0x00000000a9480000, 0x00000000e0000000)
  object space 152064K, 57% used [0x00000000a0000000,0x00000000a551e2e0,0x00000000a9480000)
 Metaspace       used 88512K, capacity 92664K, committed 92800K, reserved 1130496K
  class space    used 11605K, capacity 12393K, committed 12416K, reserved 1048576K
}
Event: 4037,071 GC heap before
{Heap before GC invocations=22 (full 3):
 PSYoungGen      total 282624K, used 261662K [0x00000000e0000000, 0x00000000f4d80000, 0x0000000100000000)
  eden space 237056K, 100% used [0x00000000e0000000,0x00000000ee780000,0x00000000ee780000)
  from space 45568K, 53% used [0x00000000f2100000,0x00000000f3907a70,0x00000000f4d80000)
  to   space 52224K, 0% used [0x00000000ee780000,0x00000000ee780000,0x00000000f1a80000)
 ParOldGen       total 152064K, used 87160K [0x00000000a0000000, 0x00000000a9480000, 0x00000000e0000000)
  object space 152064K, 57% used [0x00000000a0000000,0x00000000a551e2e0,0x00000000a9480000)
 Metaspace       used 88953K, capacity 93138K, committed 93312K, reserved 1130496K
  class space    used 11613K, capacity 12408K, committed 12416K, reserved 1048576K
Event: 4037,169 GC heap after
Heap after GC invocations=22 (full 3):
 PSYoungGen      total 289280K, used 52213K [0x00000000e0000000, 0x00000000f7f00000, 0x0000000100000000)
  eden space 237056K, 0% used [0x00000000e0000000,0x00000000e0000000,0x00000000ee780000)
  from space 52224K, 99% used [0x00000000ee780000,0x00000000f1a7d490,0x00000000f1a80000)
  to   space 63488K, 0% used [0x00000000f4100000,0x00000000f4100000,0x00000000f7f00000)
 ParOldGen       total 152064K, used 95609K [0x00000000a0000000, 0x00000000a9480000, 0x00000000e0000000)
  object space 152064K, 62% used [0x00000000a0000000,0x00000000a5d5e7b0,0x00000000a9480000)
 Metaspace       used 88953K, capacity 93138K, committed 93312K, reserved 1130496K
  class space    used 11613K, capacity 12408K, committed 12416K, reserved 1048576K
}

