# JRE version: OpenJDK Runtime Environment (8.0_202) (build 1.8.0_202-release-1483-b49-5587405)
# Java VM: OpenJDK 64-Bit Server VM (25.202-b49-5587405 mixed mode linux-amd64 compressed oops)
Heap:
 PSYoungGen      total 492544K, used 51936K [0x00000000e0000000, 0x0000000100000000, 0x0000000100000000)
  eden space 467968K, 5% used [0x00000000e0000000,0x00000000e1abbee0,0x00000000fc900000)
  from space 24576K, 99% used [0x00000000fe800000,0x00000000ffffc2b0,0x0000000100000000)
  to   space 28160K, 0% used [0x00000000fc900000,0x00000000fc900000,0x00000000fe480000)
 ParOldGen       total 207872K, used 135078K [0x00000000a0000000, 0x00000000acb00000, 0x00000000e0000000)
  object space 207872K, 64% used [0x00000000a0000000,0x00000000a83e9a28,0x00000000acb00000)
 Metaspace       used 93702K, capacity 98698K, committed 98728K, reserved 1134592K
  class space    used 12020K, capacity 12953K, committed 12968K, reserved 1048576K
GC Heap History (10 events):
Event: 596,359 GC heap before
{Heap before GC invocations=36 (full 4):
 PSYoungGen      total 495616K, used 478498K [0x00000000e0000000, 0x00000000ffe00000, 0x0000000100000000)
  eden space 470528K, 99% used [0x00000000e0000000,0x00000000fcb46fd0,0x00000000fcb80000)
  from space 25088K, 32% used [0x00000000fcb80000,0x00000000fd381968,0x00000000fe400000)
  to   space 24576K, 0% used [0x00000000fe600000,0x00000000fe600000,0x00000000ffe00000)
 ParOldGen       total 207872K, used 126178K [0x00000000a0000000, 0x00000000acb00000, 0x00000000e0000000)
  object space 207872K, 60% used [0x00000000a0000000,0x00000000a7b38ab0,0x00000000acb00000)
 Metaspace       used 90982K, capacity 95116K, committed 95400K, reserved 1132544K
  class space    used 11785K, capacity 12628K, committed 12712K, reserved 1048576K
Event: 596,424 GC heap after
Heap after GC invocations=36 (full 4):
 PSYoungGen      total 498176K, used 12975K [0x00000000e0000000, 0x00000000ffd80000, 0x0000000100000000)
  eden space 474112K, 0% used [0x00000000e0000000,0x00000000e0000000,0x00000000fcf00000)
  from space 24064K, 53% used [0x00000000fe600000,0x00000000ff2abc68,0x00000000ffd80000)
  to   space 23552K, 0% used [0x00000000fcf00000,0x00000000fcf00000,0x00000000fe600000)
 ParOldGen       total 207872K, used 131942K [0x00000000a0000000, 0x00000000acb00000, 0x00000000e0000000)
  object space 207872K, 63% used [0x00000000a0000000,0x00000000a80d9b08,0x00000000acb00000)
 Metaspace       used 90982K, capacity 95116K, committed 95400K, reserved 1132544K
  class space    used 11785K, capacity 12628K, committed 12712K, reserved 1048576K
}
Event: 1226,060 GC heap before
{Heap before GC invocations=37 (full 4):
 PSYoungGen      total 498176K, used 487087K [0x00000000e0000000, 0x00000000ffd80000, 0x0000000100000000)
  eden space 474112K, 100% used [0x00000000e0000000,0x00000000fcf00000,0x00000000fcf00000)
  from space 24064K, 53% used [0x00000000fe600000,0x00000000ff2abc68,0x00000000ffd80000)
  to   space 23552K, 0% used [0x00000000fcf00000,0x00000000fcf00000,0x00000000fe600000)
 ParOldGen       total 207872K, used 131942K [0x00000000a0000000, 0x00000000acb00000, 0x00000000e0000000)
  object space 207872K, 63% used [0x00000000a0000000,0x00000000a80d9b08,0x00000000acb00000)
 Metaspace       used 91815K, capacity 96200K, committed 96296K, reserved 1132544K
  class space    used 11902K, capacity 12752K, committed 12840K, reserved 1048576K
Event: 1226,089 GC heap after
Heap after GC invocations=37 (full 4):
 PSYoungGen      total 497664K, used 4272K [0x00000000e0000000, 0x0000000100000000, 0x0000000100000000)
  eden space 474112K, 0% used [0x00000000e0000000,0x00000000e0000000,0x00000000fcf00000)
  from space 23552K, 18% used [0x00000000fcf00000,0x00000000fd32c0c0,0x00000000fe600000)
  to   space 24064K, 0% used [0x00000000fe880000,0x00000000fe880000,0x0000000100000000)
 ParOldGen       total 207872K, used 133878K [0x00000000a0000000, 0x00000000acb00000, 0x00000000e0000000)
  object space 207872K, 64% used [0x00000000a0000000,0x00000000a82bd9a8,0x00000000acb00000)
 Metaspace       used 91815K, capacity 96200K, committed 96296K, reserved 1132544K
  class space    used 11902K, capacity 12752K, committed 12840K, reserved 1048576K
}
Event: 1766,392 GC heap before
{Heap before GC invocations=38 (full 4):
 PSYoungGen      total 497664K, used 478384K [0x00000000e0000000, 0x0000000100000000, 0x0000000100000000)
  eden space 474112K, 100% used [0x00000000e0000000,0x00000000fcf00000,0x00000000fcf00000)
  from space 23552K, 18% used [0x00000000fcf00000,0x00000000fd32c0c0,0x00000000fe600000)
  to   space 24064K, 0% used [0x00000000fe880000,0x00000000fe880000,0x0000000100000000)
 ParOldGen       total 207872K, used 133878K [0x00000000a0000000, 0x00000000acb00000, 0x00000000e0000000)
  object space 207872K, 64% used [0x00000000a0000000,0x00000000a82bd9a8,0x00000000acb00000)
 Metaspace       used 92519K, capacity 97016K, committed 97064K, reserved 1134592K
  class space    used 11930K, capacity 12792K, committed 12840K, reserved 1048576K
Event: 1766,455 GC heap after
Heap after GC invocations=38 (full 4):
 PSYoungGen      total 500224K, used 14785K [0x00000000e0000000, 0x0000000100000000, 0x0000000100000000)
  eden space 476160K, 0% used [0x00000000e0000000,0x00000000e0000000,0x00000000fd100000)
  from space 24064K, 61% used [0x00000000fe880000,0x00000000ff6f05f0,0x0000000100000000)
  to   space 24064K, 0% used [0x00000000fd100000,0x00000000fd100000,0x00000000fe880000)
 ParOldGen       total 207872K, used 134854K [0x00000000a0000000, 0x00000000acb00000, 0x00000000e0000000)
  object space 207872K, 64% used [0x00000000a0000000,0x00000000a83b1a18,0x00000000acb00000)
 Metaspace       used 92519K, capacity 97016K, committed 97064K, reserved 1134592K
  class space    used 11930K, capacity 12792K, committed 12840K, reserved 1048576K
}
Event: 1878,052 GC heap before
{Heap before GC invocations=39 (full 4):
 PSYoungGen      total 500224K, used 490945K [0x00000000e0000000, 0x0000000100000000, 0x0000000100000000)
  eden space 476160K, 100% used [0x00000000e0000000,0x00000000fd100000,0x00000000fd100000)
  from space 24064K, 61% used [0x00000000fe880000,0x00000000ff6f05f0,0x0000000100000000)
  to   space 24064K, 0% used [0x00000000fd100000,0x00000000fd100000,0x00000000fe880000)
 ParOldGen       total 207872K, used 134854K [0x00000000a0000000, 0x00000000acb00000, 0x00000000e0000000)
  object space 207872K, 64% used [0x00000000a0000000,0x00000000a83b1a18,0x00000000acb00000)
 Metaspace       used 93062K, capacity 97526K, committed 97576K, reserved 1134592K
  class space    used 11943K, capacity 12813K, committed 12840K, reserved 1048576K
Event: 1878,087 GC heap after
Heap after GC invocations=39 (full 4):
 PSYoungGen      total 492544K, used 16306K [0x00000000e0000000, 0x0000000100000000, 0x0000000100000000)
  eden space 476160K, 0% used [0x00000000e0000000,0x00000000e0000000,0x00000000fd100000)
  from space 16384K, 99% used [0x00000000fd100000,0x00000000fe0ecbc0,0x00000000fe100000)
  to   space 24576K, 0% used [0x00000000fe800000,0x00000000fe800000,0x0000000100000000)
 ParOldGen       total 207872K, used 134862K [0x00000000a0000000, 0x00000000acb00000, 0x00000000e0000000)
  object space 207872K, 64% used [0x00000000a0000000,0x00000000a83b3a18,0x00000000acb00000)
 Metaspace       used 93062K, capacity 97526K, committed 97576K, reserved 1134592K
  class space    used 11943K, capacity 12813K, committed 12840K, reserved 1048576K
}
Event: 2236,989 GC heap before
{Heap before GC invocations=40 (full 4):
 PSYoungGen      total 492544K, used 492466K [0x00000000e0000000, 0x0000000100000000, 0x0000000100000000)
  eden space 476160K, 100% used [0x00000000e0000000,0x00000000fd100000,0x00000000fd100000)
  from space 16384K, 99% used [0x00000000fd100000,0x00000000fe0ecbc0,0x00000000fe100000)
  to   space 24576K, 0% used [0x00000000fe800000,0x00000000fe800000,0x0000000100000000)
 ParOldGen       total 207872K, used 134862K [0x00000000a0000000, 0x00000000acb00000, 0x00000000e0000000)
  object space 207872K, 64% used [0x00000000a0000000,0x00000000a83b3a18,0x00000000acb00000)
 Metaspace       used 93676K, capacity 98626K, committed 98728K, reserved 1134592K
  class space    used 12013K, capacity 12941K, committed 12968K, reserved 1048576K
Event: 2237,059 GC heap after
Heap after GC invocations=40 (full 4):
 PSYoungGen      total 492544K, used 24560K [0x00000000e0000000, 0x0000000100000000, 0x0000000100000000)
  eden space 467968K, 0% used [0x00000000e0000000,0x00000000e0000000,0x00000000fc900000)
  from space 24576K, 99% used [0x00000000fe800000,0x00000000ffffc2b0,0x0000000100000000)
  to   space 28160K, 0% used [0x00000000fc900000,0x00000000fc900000,0x00000000fe480000)
 ParOldGen       total 207872K, used 135078K [0x00000000a0000000, 0x00000000acb00000, 0x00000000e0000000)
  object space 207872K, 64% used [0x00000000a0000000,0x00000000a83e9a28,0x00000000acb00000)
 Metaspace       used 93676K, capacity 98626K, committed 98728K, reserved 1134592K
  class space    used 12013K, capacity 12941K, committed 12968K, reserved 1048576K
}

