# JRE version: OpenJDK Runtime Environment (8.0_202) (build 1.8.0_202-release-1483-b49-5587405)
# Java VM: OpenJDK 64-Bit Server VM (25.202-b49-5587405 mixed mode linux-amd64 compressed oops)
Heap:
 PSYoungGen      total 248320K, used 183166K [0x00000000e0000000, 0x00000000f2180000, 0x0000000100000000)
  eden space 212480K, 86% used [0x00000000e0000000,0x00000000eb2df908,0x00000000ecf80000)
  from space 35840K, 0% used [0x00000000ef280000,0x00000000ef280000,0x00000000f1580000)
  to   space 35840K, 0% used [0x00000000ecf80000,0x00000000ecf80000,0x00000000ef280000)
 ParOldGen       total 202240K, used 69297K [0x00000000a0000000, 0x00000000ac580000, 0x00000000e0000000)
  object space 202240K, 34% used [0x00000000a0000000,0x00000000a43ac458,0x00000000ac580000)
 Metaspace       used 92095K, capacity 96800K, committed 98600K, reserved 1134592K
  class space    used 11807K, capacity 12689K, committed 13096K, reserved 1048576K
GC Heap History (10 events):
Event: 3334,871 GC heap before
{Heap before GC invocations=28 (full 3):
 PSYoungGen      total 214016K, used 213539K [0x00000000e0000000, 0x00000000f1a80000, 0x0000000100000000)
  eden space 201728K, 100% used [0x00000000e0000000,0x00000000ec500000,0x00000000ec500000)
  from space 12288K, 96% used [0x00000000f0e80000,0x00000000f1a08e60,0x00000000f1a80000)
  to   space 36864K, 0% used [0x00000000ed280000,0x00000000ed280000,0x00000000ef680000)
 ParOldGen       total 152064K, used 91982K [0x00000000a0000000, 0x00000000a9480000, 0x00000000e0000000)
  object space 152064K, 60% used [0x00000000a0000000,0x00000000a59d3ab0,0x00000000a9480000)
 Metaspace       used 92759K, capacity 98138K, committed 98344K, reserved 1134592K
  class space    used 11987K, capacity 12989K, committed 13096K, reserved 1048576K
Event: 3334,973 GC heap after
Heap after GC invocations=28 (full 3):
 PSYoungGen      total 219648K, used 24519K [0x00000000e0000000, 0x00000000f0f00000, 0x0000000100000000)
  eden space 195072K, 0% used [0x00000000e0000000,0x00000000e0000000,0x00000000ebe80000)
  from space 24576K, 99% used [0x00000000ed280000,0x00000000eea71c20,0x00000000eea80000)
  to   space 37376K, 0% used [0x00000000eea80000,0x00000000eea80000,0x00000000f0f00000)
 ParOldGen       total 152064K, used 91990K [0x00000000a0000000, 0x00000000a9480000, 0x00000000e0000000)
  object space 152064K, 60% used [0x00000000a0000000,0x00000000a59d5ab0,0x00000000a9480000)
 Metaspace       used 92759K, capacity 98138K, committed 98344K, reserved 1134592K
  class space    used 11987K, capacity 12989K, committed 13096K, reserved 1048576K
}
Event: 3484,780 GC heap before
{Heap before GC invocations=29 (full 3):
 PSYoungGen      total 219648K, used 219591K [0x00000000e0000000, 0x00000000f0f00000, 0x0000000100000000)
  eden space 195072K, 100% used [0x00000000e0000000,0x00000000ebe80000,0x00000000ebe80000)
  from space 24576K, 99% used [0x00000000ed280000,0x00000000eea71c20,0x00000000eea80000)
  to   space 37376K, 0% used [0x00000000eea80000,0x00000000eea80000,0x00000000f0f00000)
 ParOldGen       total 152064K, used 91990K [0x00000000a0000000, 0x00000000a9480000, 0x00000000e0000000)
  object space 152064K, 60% used [0x00000000a0000000,0x00000000a59d5ab0,0x00000000a9480000)
 Metaspace       used 92932K, capacity 98254K, committed 98600K, reserved 1134592K
  class space    used 11992K, capacity 12997K, committed 13096K, reserved 1048576K
Event: 3484,865 GC heap after
Heap after GC invocations=29 (full 3):
 PSYoungGen      total 210432K, used 15924K [0x00000000e0000000, 0x00000000eff80000, 0x0000000100000000)
  eden space 188928K, 0% used [0x00000000e0000000,0x00000000e0000000,0x00000000eb880000)
  from space 21504K, 74% used [0x00000000eea80000,0x00000000efa0d318,0x00000000eff80000)
  to   space 36352K, 0% used [0x00000000eb880000,0x00000000eb880000,0x00000000edc00000)
 ParOldGen       total 152064K, used 91998K [0x00000000a0000000, 0x00000000a9480000, 0x00000000e0000000)
  object space 152064K, 60% used [0x00000000a0000000,0x00000000a59d7ab0,0x00000000a9480000)
 Metaspace       used 92932K, capacity 98254K, committed 98600K, reserved 1134592K
  class space    used 11992K, capacity 12997K, committed 13096K, reserved 1048576K
}
Event: 3486,989 GC heap before
{Heap before GC invocations=30 (full 3):
 PSYoungGen      total 210432K, used 204852K [0x00000000e0000000, 0x00000000eff80000, 0x0000000100000000)
  eden space 188928K, 100% used [0x00000000e0000000,0x00000000eb880000,0x00000000eb880000)
  from space 21504K, 74% used [0x00000000eea80000,0x00000000efa0d318,0x00000000eff80000)
  to   space 36352K, 0% used [0x00000000eb880000,0x00000000eb880000,0x00000000edc00000)
 ParOldGen       total 152064K, used 91998K [0x00000000a0000000, 0x00000000a9480000, 0x00000000e0000000)
  object space 152064K, 60% used [0x00000000a0000000,0x00000000a59d7ab0,0x00000000a9480000)
 Metaspace       used 93070K, capacity 98454K, committed 98600K, reserved 1134592K
  class space    used 11992K, capacity 12997K, committed 13096K, reserved 1048576K
Event: 3487,069 GC heap after
Heap after GC invocations=30 (full 3):
 PSYoungGen      total 225280K, used 22600K [0x00000000e0000000, 0x00000000f1580000, 0x0000000100000000)
  eden space 188928K, 0% used [0x00000000e0000000,0x00000000e0000000,0x00000000eb880000)
  from space 36352K, 62% used [0x00000000eb880000,0x00000000ece92028,0x00000000edc00000)
  to   space 35840K, 0% used [0x00000000ef280000,0x00000000ef280000,0x00000000f1580000)
 ParOldGen       total 152064K, used 92835K [0x00000000a0000000, 0x00000000a9480000, 0x00000000e0000000)
  object space 152064K, 61% used [0x00000000a0000000,0x00000000a5aa8ed0,0x00000000a9480000)
 Metaspace       used 93070K, capacity 98454K, committed 98600K, reserved 1134592K
  class space    used 11992K, capacity 12997K, committed 13096K, reserved 1048576K
}
Event: 3487,547 GC heap before
{Heap before GC invocations=31 (full 3):
 PSYoungGen      total 225280K, used 53173K [0x00000000e0000000, 0x00000000f1580000, 0x0000000100000000)
  eden space 188928K, 16% used [0x00000000e0000000,0x00000000e1ddb758,0x00000000eb880000)
  from space 36352K, 62% used [0x00000000eb880000,0x00000000ece92028,0x00000000edc00000)
  to   space 35840K, 0% used [0x00000000ef280000,0x00000000ef280000,0x00000000f1580000)
 ParOldGen       total 152064K, used 92835K [0x00000000a0000000, 0x00000000a9480000, 0x00000000e0000000)
  object space 152064K, 61% used [0x00000000a0000000,0x00000000a5aa8ed0,0x00000000a9480000)
 Metaspace       used 93080K, capacity 98454K, committed 98600K, reserved 1134592K
  class space    used 11992K, capacity 12997K, committed 13096K, reserved 1048576K
Event: 3487,591 GC heap after
Heap after GC invocations=31 (full 3):
 PSYoungGen      total 248320K, used 9719K [0x00000000e0000000, 0x00000000f2180000, 0x0000000100000000)
  eden space 212480K, 0% used [0x00000000e0000000,0x00000000e0000000,0x00000000ecf80000)
  from space 35840K, 27% used [0x00000000ef280000,0x00000000efbfdc70,0x00000000f1580000)
  to   space 35840K, 0% used [0x00000000ecf80000,0x00000000ecf80000,0x00000000ef280000)
 ParOldGen       total 152064K, used 95286K [0x00000000a0000000, 0x00000000a9480000, 0x00000000e0000000)
  object space 152064K, 62% used [0x00000000a0000000,0x00000000a5d0da58,0x00000000a9480000)
 Metaspace       used 93080K, capacity 98454K, committed 98600K, reserved 1134592K
  class space    used 11992K, capacity 12997K, committed 13096K, reserved 1048576K
}
Event: 3487,591 GC heap before
{Heap before GC invocations=32 (full 4):
 PSYoungGen      total 248320K, used 9719K [0x00000000e0000000, 0x00000000f2180000, 0x0000000100000000)
  eden space 212480K, 0% used [0x00000000e0000000,0x00000000e0000000,0x00000000ecf80000)
  from space 35840K, 27% used [0x00000000ef280000,0x00000000efbfdc70,0x00000000f1580000)
  to   space 35840K, 0% used [0x00000000ecf80000,0x00000000ecf80000,0x00000000ef280000)
 ParOldGen       total 152064K, used 95286K [0x00000000a0000000, 0x00000000a9480000, 0x00000000e0000000)
  object space 152064K, 62% used [0x00000000a0000000,0x00000000a5d0da58,0x00000000a9480000)
 Metaspace       used 93080K, capacity 98454K, committed 98600K, reserved 1134592K
  class space    used 11992K, capacity 12997K, committed 13096K, reserved 1048576K
Event: 3488,178 GC heap after
Heap after GC invocations=32 (full 4):
 PSYoungGen      total 248320K, used 0K [0x00000000e0000000, 0x00000000f2180000, 0x0000000100000000)
  eden space 212480K, 0% used [0x00000000e0000000,0x00000000e0000000,0x00000000ecf80000)
  from space 35840K, 0% used [0x00000000ef280000,0x00000000ef280000,0x00000000f1580000)
  to   space 35840K, 0% used [0x00000000ecf80000,0x00000000ecf80000,0x00000000ef280000)
 ParOldGen       total 202240K, used 69297K [0x00000000a0000000, 0x00000000ac580000, 0x00000000e0000000)
  object space 202240K, 34% used [0x00000000a0000000,0x00000000a43ac458,0x00000000ac580000)
 Metaspace       used 92042K, capacity 96712K, committed 98600K, reserved 1134592K
  class space    used 11805K, capacity 12685K, committed 13096K, reserved 1048576K
}

