# JRE version: OpenJDK Runtime Environment (8.0_202) (build 1.8.0_202-release-1483-b49-5587405)
# Java VM: OpenJDK 64-Bit Server VM (25.202-b49-5587405 mixed mode linux-amd64 compressed oops)
Heap:
 PSYoungGen      total 413696K, used 193194K [0x00000000e0000000, 0x0000000100000000, 0x0000000100000000)
  eden space 299520K, 58% used [0x00000000e0000000,0x00000000eaa51650,0x00000000f2480000)
  from space 114176K, 16% used [0x00000000f9080000,0x00000000fa2d91e8,0x0000000100000000)
  to   space 110592K, 0% used [0x00000000f2480000,0x00000000f2480000,0x00000000f9080000)
 ParOldGen       total 385536K, used 211685K [0x00000000a0000000, 0x00000000b7880000, 0x00000000e0000000)
  object space 385536K, 54% used [0x00000000a0000000,0x00000000aceb9728,0x00000000b7880000)
 Metaspace       used 96335K, capacity 100680K, committed 101032K, reserved 1136640K
  class space    used 12302K, capacity 13119K, committed 13224K, reserved 1048576K
GC Heap History (10 events):
Event: 2653,640 GC heap before
{Heap before GC invocations=27 (full 4):
 PSYoungGen      total 453632K, used 413281K [0x00000000e0000000, 0x00000000ff400000, 0x0000000100000000)
  eden space 393216K, 100% used [0x00000000e0000000,0x00000000f8000000,0x00000000f8000000)
  from space 60416K, 33% used [0x00000000fb900000,0x00000000fcc984f8,0x00000000ff400000)
  to   space 58368K, 0% used [0x00000000f8000000,0x00000000f8000000,0x00000000fb900000)
 ParOldGen       total 351744K, used 203441K [0x00000000a0000000, 0x00000000b5780000, 0x00000000e0000000)
  object space 351744K, 57% used [0x00000000a0000000,0x00000000ac6ac558,0x00000000b5780000)
 Metaspace       used 95479K, capacity 99758K, committed 100008K, reserved 1136640K
  class space    used 12247K, capacity 13064K, committed 13224K, reserved 1048576K
Event: 2653,766 GC heap after
Heap after GC invocations=27 (full 4):
 PSYoungGen      total 451584K, used 58367K [0x00000000e0000000, 0x0000000100000000, 0x0000000100000000)
  eden space 393216K, 0% used [0x00000000e0000000,0x00000000e0000000,0x00000000f8000000)
  from space 58368K, 99% used [0x00000000f8000000,0x00000000fb8ffe68,0x00000000fb900000)
  to   space 72704K, 0% used [0x00000000fb900000,0x00000000fb900000,0x0000000100000000)
 ParOldGen       total 351744K, used 255965K [0x00000000a0000000, 0x00000000b5780000, 0x00000000e0000000)
  object space 351744K, 72% used [0x00000000a0000000,0x00000000af9f75f8,0x00000000b5780000)
 Metaspace       used 95479K, capacity 99758K, committed 100008K, reserved 1136640K
  class space    used 12247K, capacity 13064K, committed 13224K, reserved 1048576K
}
Event: 2655,051 GC heap before
{Heap before GC invocations=28 (full 4):
 PSYoungGen      total 451584K, used 451583K [0x00000000e0000000, 0x0000000100000000, 0x0000000100000000)
  eden space 393216K, 100% used [0x00000000e0000000,0x00000000f8000000,0x00000000f8000000)
  from space 58368K, 99% used [0x00000000f8000000,0x00000000fb8ffe68,0x00000000fb900000)
  to   space 72704K, 0% used [0x00000000fb900000,0x00000000fb900000,0x0000000100000000)
 ParOldGen       total 351744K, used 255965K [0x00000000a0000000, 0x00000000b5780000, 0x00000000e0000000)
  object space 351744K, 72% used [0x00000000a0000000,0x00000000af9f75f8,0x00000000b5780000)
 Metaspace       used 95650K, capacity 99974K, committed 100264K, reserved 1136640K
  class space    used 12247K, capacity 13064K, committed 13224K, reserved 1048576K
Event: 2655,209 GC heap after
Heap after GC invocations=28 (full 4):
 PSYoungGen      total 377856K, used 72689K [0x00000000e0000000, 0x0000000100000000, 0x0000000100000000)
  eden space 305152K, 0% used [0x00000000e0000000,0x00000000e0000000,0x00000000f2a00000)
  from space 72704K, 99% used [0x00000000fb900000,0x00000000ffffc708,0x0000000100000000)
  to   space 109568K, 0% used [0x00000000f2a00000,0x00000000f2a00000,0x00000000f9500000)
 ParOldGen       total 351744K, used 287481K [0x00000000a0000000, 0x00000000b5780000, 0x00000000e0000000)
  object space 351744K, 81% used [0x00000000a0000000,0x00000000b18be418,0x00000000b5780000)
 Metaspace       used 95650K, capacity 99974K, committed 100264K, reserved 1136640K
  class space    used 12247K, capacity 13064K, committed 13224K, reserved 1048576K
}
Event: 2655,994 GC heap before
{Heap before GC invocations=29 (full 4):
 PSYoungGen      total 377856K, used 377841K [0x00000000e0000000, 0x0000000100000000, 0x0000000100000000)
  eden space 305152K, 100% used [0x00000000e0000000,0x00000000f2a00000,0x00000000f2a00000)
  from space 72704K, 99% used [0x00000000fb900000,0x00000000ffffc708,0x0000000100000000)
  to   space 109568K, 0% used [0x00000000f2a00000,0x00000000f2a00000,0x00000000f9500000)
 ParOldGen       total 351744K, used 287481K [0x00000000a0000000, 0x00000000b5780000, 0x00000000e0000000)
  object space 351744K, 81% used [0x00000000a0000000,0x00000000b18be418,0x00000000b5780000)
 Metaspace       used 95675K, capacity 99978K, committed 100264K, reserved 1136640K
  class space    used 12247K, capacity 13064K, committed 13224K, reserved 1048576K
Event: 2656,126 GC heap after
Heap after GC invocations=29 (full 4):
 PSYoungGen      total 375296K, used 69719K [0x00000000e0000000, 0x0000000100000000, 0x0000000100000000)
  eden space 305152K, 0% used [0x00000000e0000000,0x00000000e0000000,0x00000000f2a00000)
  from space 70144K, 99% used [0x00000000f2a00000,0x00000000f6e15d70,0x00000000f6e80000)
  to   space 114176K, 0% used [0x00000000f9080000,0x00000000f9080000,0x0000000100000000)
 ParOldGen       total 351744K, used 325807K [0x00000000a0000000, 0x00000000b5780000, 0x00000000e0000000)
  object space 351744K, 92% used [0x00000000a0000000,0x00000000b3e2bc60,0x00000000b5780000)
 Metaspace       used 95675K, capacity 99978K, committed 100264K, reserved 1136640K
  class space    used 12247K, capacity 13064K, committed 13224K, reserved 1048576K
}
Event: 2656,126 GC heap before
{Heap before GC invocations=30 (full 5):
 PSYoungGen      total 375296K, used 69719K [0x00000000e0000000, 0x0000000100000000, 0x0000000100000000)
  eden space 305152K, 0% used [0x00000000e0000000,0x00000000e0000000,0x00000000f2a00000)
  from space 70144K, 99% used [0x00000000f2a00000,0x00000000f6e15d70,0x00000000f6e80000)
  to   space 114176K, 0% used [0x00000000f9080000,0x00000000f9080000,0x0000000100000000)
 ParOldGen       total 351744K, used 325807K [0x00000000a0000000, 0x00000000b5780000, 0x00000000e0000000)
  object space 351744K, 92% used [0x00000000a0000000,0x00000000b3e2bc60,0x00000000b5780000)
 Metaspace       used 95675K, capacity 99978K, committed 100264K, reserved 1136640K
  class space    used 12247K, capacity 13064K, committed 13224K, reserved 1048576K
Event: 2657,034 GC heap after
Heap after GC invocations=30 (full 5):
 PSYoungGen      total 375296K, used 0K [0x00000000e0000000, 0x0000000100000000, 0x0000000100000000)
  eden space 305152K, 0% used [0x00000000e0000000,0x00000000e0000000,0x00000000f2a00000)
  from space 70144K, 0% used [0x00000000f2a00000,0x00000000f2a00000,0x00000000f6e80000)
  to   space 114176K, 0% used [0x00000000f9080000,0x00000000f9080000,0x0000000100000000)
 ParOldGen       total 385536K, used 211677K [0x00000000a0000000, 0x00000000b7880000, 0x00000000e0000000)
  object space 385536K, 54% used [0x00000000a0000000,0x00000000aceb7728,0x00000000b7880000)
 Metaspace       used 95661K, capacity 99946K, committed 100264K, reserved 1136640K
  class space    used 12242K, capacity 13056K, committed 13224K, reserved 1048576K
}
Event: 2876,488 GC heap before
{Heap before GC invocations=31 (full 5):
 PSYoungGen      total 375296K, used 305152K [0x00000000e0000000, 0x0000000100000000, 0x0000000100000000)
  eden space 305152K, 100% used [0x00000000e0000000,0x00000000f2a00000,0x00000000f2a00000)
  from space 70144K, 0% used [0x00000000f2a00000,0x00000000f2a00000,0x00000000f6e80000)
  to   space 114176K, 0% used [0x00000000f9080000,0x00000000f9080000,0x0000000100000000)
 ParOldGen       total 385536K, used 211677K [0x00000000a0000000, 0x00000000b7880000, 0x00000000e0000000)
  object space 385536K, 54% used [0x00000000a0000000,0x00000000aceb7728,0x00000000b7880000)
 Metaspace       used 96147K, capacity 100486K, committed 100776K, reserved 1136640K
  class space    used 12293K, capacity 13106K, committed 13224K, reserved 1048576K
Event: 2876,511 GC heap after
Heap after GC invocations=31 (full 5):
 PSYoungGen      total 413696K, used 18788K [0x00000000e0000000, 0x0000000100000000, 0x0000000100000000)
  eden space 299520K, 0% used [0x00000000e0000000,0x00000000e0000000,0x00000000f2480000)
  from space 114176K, 16% used [0x00000000f9080000,0x00000000fa2d91e8,0x0000000100000000)
  to   space 110592K, 0% used [0x00000000f2480000,0x00000000f2480000,0x00000000f9080000)
 ParOldGen       total 385536K, used 211685K [0x00000000a0000000, 0x00000000b7880000, 0x00000000e0000000)
  object space 385536K, 54% used [0x00000000a0000000,0x00000000aceb9728,0x00000000b7880000)
 Metaspace       used 96147K, capacity 100486K, committed 100776K, reserved 1136640K
  class space    used 12293K, capacity 13106K, committed 13224K, reserved 1048576K
}

