# JRE version: OpenJDK Runtime Environment (8.0_202) (build 1.8.0_202-release-1483-b49-5587405)
# Java VM: OpenJDK 64-Bit Server VM (25.202-b49-5587405 mixed mode linux-amd64 compressed oops)
Heap:
 PSYoungGen      total 262144K, used 124175K [0x00000000e0000000, 0x00000000f2080000, 0x0000000100000000)
  eden space 241152K, 42% used [0x00000000e0000000,0x00000000e64c8118,0x00000000eeb80000)
  from space 20992K, 99% used [0x00000000efb00000,0x00000000f0f7be20,0x00000000f0f80000)
  to   space 17408K, 0% used [0x00000000f0f80000,0x00000000f0f80000,0x00000000f2080000)
 ParOldGen       total 222720K, used 63748K [0x00000000a0000000, 0x00000000ad980000, 0x00000000e0000000)
  object space 222720K, 28% used [0x00000000a0000000,0x00000000a3e411b8,0x00000000ad980000)
 Metaspace       used 99355K, capacity 107030K, committed 107264K, reserved 1142784K
  class space    used 12482K, capacity 13822K, committed 13824K, reserved 1048576K
GC Heap History (10 events):
Event: 13777,256 GC heap before
{Heap before GC invocations=73 (full 4):
 PSYoungGen      total 292864K, used 292583K [0x00000000e0000000, 0x00000000f3d80000, 0x0000000100000000)
  eden space 280576K, 100% used [0x00000000e0000000,0x00000000f1200000,0x00000000f1200000)
  from space 12288K, 97% used [0x00000000f3180000,0x00000000f3d39fc8,0x00000000f3d80000)
  to   space 20480K, 0% used [0x00000000f1580000,0x00000000f1580000,0x00000000f2980000)
 ParOldGen       total 222720K, used 51307K [0x00000000a0000000, 0x00000000ad980000, 0x00000000e0000000)
  object space 222720K, 23% used [0x00000000a0000000,0x00000000a321afb0,0x00000000ad980000)
 Metaspace       used 99060K, capacity 106690K, committed 106752K, reserved 1142784K
  class space    used 12469K, capacity 13800K, committed 13824K, reserved 1048576K
Event: 13777,288 GC heap after
Heap after GC invocations=73 (full 4):
 PSYoungGen      total 286208K, used 14050K [0x00000000e0000000, 0x00000000f3200000, 0x0000000100000000)
  eden space 271872K, 0% used [0x00000000e0000000,0x00000000e0000000,0x00000000f0980000)
  from space 14336K, 98% used [0x00000000f1580000,0x00000000f2338940,0x00000000f2380000)
  to   space 14848K, 0% used [0x00000000f2380000,0x00000000f2380000,0x00000000f3200000)
 ParOldGen       total 222720K, used 51747K [0x00000000a0000000, 0x00000000ad980000, 0x00000000e0000000)
  object space 222720K, 23% used [0x00000000a0000000,0x00000000a3288fb0,0x00000000ad980000)
 Metaspace       used 99060K, capacity 106690K, committed 106752K, reserved 1142784K
  class space    used 12469K, capacity 13800K, committed 13824K, reserved 1048576K
}
Event: 13848,163 GC heap before
{Heap before GC invocations=74 (full 4):
 PSYoungGen      total 286208K, used 285922K [0x00000000e0000000, 0x00000000f3200000, 0x0000000100000000)
  eden space 271872K, 100% used [0x00000000e0000000,0x00000000f0980000,0x00000000f0980000)
  from space 14336K, 98% used [0x00000000f1580000,0x00000000f2338940,0x00000000f2380000)
  to   space 14848K, 0% used [0x00000000f2380000,0x00000000f2380000,0x00000000f3200000)
 ParOldGen       total 222720K, used 51747K [0x00000000a0000000, 0x00000000ad980000, 0x00000000e0000000)
  object space 222720K, 23% used [0x00000000a0000000,0x00000000a3288fb0,0x00000000ad980000)
 Metaspace       used 99124K, capacity 106694K, committed 106752K, reserved 1142784K
  class space    used 12469K, capacity 13800K, committed 13824K, reserved 1048576K
Event: 13848,197 GC heap after
Heap after GC invocations=74 (full 4):
 PSYoungGen      total 273920K, used 10017K [0x00000000e0000000, 0x00000000f2d80000, 0x0000000100000000)
  eden space 263680K, 0% used [0x00000000e0000000,0x00000000e0000000,0x00000000f0180000)
  from space 10240K, 97% used [0x00000000f2380000,0x00000000f2d485d0,0x00000000f2d80000)
  to   space 19968K, 0% used [0x00000000f0680000,0x00000000f0680000,0x00000000f1a00000)
 ParOldGen       total 222720K, used 52011K [0x00000000a0000000, 0x00000000ad980000, 0x00000000e0000000)
  object space 222720K, 23% used [0x00000000a0000000,0x00000000a32cafb0,0x00000000ad980000)
 Metaspace       used 99124K, capacity 106694K, committed 106752K, reserved 1142784K
  class space    used 12469K, capacity 13800K, committed 13824K, reserved 1048576K
}
Event: 14063,143 GC heap before
{Heap before GC invocations=75 (full 4):
 PSYoungGen      total 273920K, used 273697K [0x00000000e0000000, 0x00000000f2d80000, 0x0000000100000000)
  eden space 263680K, 100% used [0x00000000e0000000,0x00000000f0180000,0x00000000f0180000)
  from space 10240K, 97% used [0x00000000f2380000,0x00000000f2d485d0,0x00000000f2d80000)
  to   space 19968K, 0% used [0x00000000f0680000,0x00000000f0680000,0x00000000f1a00000)
 ParOldGen       total 222720K, used 52011K [0x00000000a0000000, 0x00000000ad980000, 0x00000000e0000000)
  object space 222720K, 23% used [0x00000000a0000000,0x00000000a32cafb0,0x00000000ad980000)
 Metaspace       used 99238K, capacity 106894K, committed 107008K, reserved 1142784K
  class space    used 12482K, capacity 13822K, committed 13824K, reserved 1048576K
Event: 14063,209 GC heap after
Heap after GC invocations=75 (full 4):
 PSYoungGen      total 268800K, used 12579K [0x00000000e0000000, 0x00000000f2400000, 0x0000000100000000)
  eden space 256000K, 0% used [0x00000000e0000000,0x00000000e0000000,0x00000000efa00000)
  from space 12800K, 98% used [0x00000000f0680000,0x00000000f12c8c18,0x00000000f1300000)
  to   space 17408K, 0% used [0x00000000f1300000,0x00000000f1300000,0x00000000f2400000)
 ParOldGen       total 222720K, used 52099K [0x00000000a0000000, 0x00000000ad980000, 0x00000000e0000000)
  object space 222720K, 23% used [0x00000000a0000000,0x00000000a32e0fc8,0x00000000ad980000)
 Metaspace       used 99238K, capacity 106894K, committed 107008K, reserved 1142784K
  class space    used 12482K, capacity 13822K, committed 13824K, reserved 1048576K
}
Event: 14132,897 GC heap before
{Heap before GC invocations=76 (full 4):
 PSYoungGen      total 268800K, used 268579K [0x00000000e0000000, 0x00000000f2400000, 0x0000000100000000)
  eden space 256000K, 100% used [0x00000000e0000000,0x00000000efa00000,0x00000000efa00000)
  from space 12800K, 98% used [0x00000000f0680000,0x00000000f12c8c18,0x00000000f1300000)
  to   space 17408K, 0% used [0x00000000f1300000,0x00000000f1300000,0x00000000f2400000)
 ParOldGen       total 222720K, used 52099K [0x00000000a0000000, 0x00000000ad980000, 0x00000000e0000000)
  object space 222720K, 23% used [0x00000000a0000000,0x00000000a32e0fc8,0x00000000ad980000)
 Metaspace       used 99294K, capacity 106958K, committed 107008K, reserved 1142784K
  class space    used 12482K, capacity 13822K, committed 13824K, reserved 1048576K
Event: 14132,919 GC heap after
Heap after GC invocations=76 (full 4):
 PSYoungGen      total 265728K, used 17377K [0x00000000e0000000, 0x00000000f2400000, 0x0000000100000000)
  eden space 248320K, 0% used [0x00000000e0000000,0x00000000e0000000,0x00000000ef280000)
  from space 17408K, 99% used [0x00000000f1300000,0x00000000f23f8688,0x00000000f2400000)
  to   space 20992K, 0% used [0x00000000efb00000,0x00000000efb00000,0x00000000f0f80000)
 ParOldGen       total 222720K, used 53100K [0x00000000a0000000, 0x00000000ad980000, 0x00000000e0000000)
  object space 222720K, 23% used [0x00000000a0000000,0x00000000a33db070,0x00000000ad980000)
 Metaspace       used 99294K, capacity 106958K, committed 107008K, reserved 1142784K
  class space    used 12482K, capacity 13822K, committed 13824K, reserved 1048576K
}
Event: 14363,223 GC heap before
{Heap before GC invocations=77 (full 4):
 PSYoungGen      total 265728K, used 265697K [0x00000000e0000000, 0x00000000f2400000, 0x0000000100000000)
  eden space 248320K, 100% used [0x00000000e0000000,0x00000000ef280000,0x00000000ef280000)
  from space 17408K, 99% used [0x00000000f1300000,0x00000000f23f8688,0x00000000f2400000)
  to   space 20992K, 0% used [0x00000000efb00000,0x00000000efb00000,0x00000000f0f80000)
 ParOldGen       total 222720K, used 53100K [0x00000000a0000000, 0x00000000ad980000, 0x00000000e0000000)
  object space 222720K, 23% used [0x00000000a0000000,0x00000000a33db070,0x00000000ad980000)
 Metaspace       used 99321K, capacity 107026K, committed 107264K, reserved 1142784K
  class space    used 12482K, capacity 13822K, committed 13824K, reserved 1048576K
Event: 14363,286 GC heap after
Heap after GC invocations=77 (full 4):
 PSYoungGen      total 262144K, used 20975K [0x00000000e0000000, 0x00000000f2080000, 0x0000000100000000)
  eden space 241152K, 0% used [0x00000000e0000000,0x00000000e0000000,0x00000000eeb80000)
  from space 20992K, 99% used [0x00000000efb00000,0x00000000f0f7be20,0x00000000f0f80000)
  to   space 17408K, 0% used [0x00000000f0f80000,0x00000000f0f80000,0x00000000f2080000)
 ParOldGen       total 222720K, used 63748K [0x00000000a0000000, 0x00000000ad980000, 0x00000000e0000000)
  object space 222720K, 28% used [0x00000000a0000000,0x00000000a3e411b8,0x00000000ad980000)
 Metaspace       used 99321K, capacity 107026K, committed 107264K, reserved 1142784K
  class space    used 12482K, capacity 13822K, committed 13824K, reserved 1048576K
}

