# JRE version: OpenJDK Runtime Environment (8.0_202) (build 1.8.0_202-release-1483-b49-5587405)
# Java VM: OpenJDK 64-Bit Server VM (25.202-b49-5587405 mixed mode linux-amd64 compressed oops)
Heap:
 PSYoungGen      total 429056K, used 428309K [0x00000000e0000000, 0x0000000100000000, 0x0000000100000000)
  eden space 355328K, 100% used [0x00000000e0000000,0x00000000f5b00000,0x00000000f5b00000)
  from space 73728K, 98% used [0x00000000fb600000,0x00000000ffd45558,0x00000000ffe00000)
  to   space 84480K, 99% used [0x00000000f5b00000,0x00000000fad785d8,0x00000000fad80000)
 ParOldGen       total 321536K, used 228652K [0x00000000a0000000, 0x00000000b3a00000, 0x00000000e0000000)
  object space 321536K, 71% used [0x00000000a0000000,0x00000000adf4d3a0,0x00000000b3a00000)
 Metaspace       used 99299K, capacity 105909K, committed 106024K, reserved 1140736K
  class space    used 12656K, capacity 13796K, committed 13864K, reserved 1048576K
GC Heap History (10 events):
Event: 5289,777 GC heap after
Heap after GC invocations=47 (full 5):
 PSYoungGen      total 437760K, used 55377K [0x00000000e0000000, 0x00000000ffc00000, 0x0000000100000000)
  eden space 362496K, 0% used [0x00000000e0000000,0x00000000e0000000,0x00000000f6200000)
  from space 75264K, 73% used [0x00000000faf80000,0x00000000fe594508,0x00000000ff900000)
  to   space 78848K, 0% used [0x00000000f6200000,0x00000000f6200000,0x00000000faf00000)
 ParOldGen       total 321536K, used 171454K [0x00000000a0000000, 0x00000000b3a00000, 0x00000000e0000000)
  object space 321536K, 53% used [0x00000000a0000000,0x00000000aa76f998,0x00000000b3a00000)
 Metaspace       used 98760K, capacity 105365K, committed 105512K, reserved 1140736K
  class space    used 12652K, capacity 13794K, committed 13864K, reserved 1048576K
}
Event: 5312,301 GC heap before
{Heap before GC invocations=48 (full 5):
 PSYoungGen      total 437760K, used 417873K [0x00000000e0000000, 0x00000000ffc00000, 0x0000000100000000)
  eden space 362496K, 100% used [0x00000000e0000000,0x00000000f6200000,0x00000000f6200000)
  from space 75264K, 73% used [0x00000000faf80000,0x00000000fe594508,0x00000000ff900000)
  to   space 78848K, 0% used [0x00000000f6200000,0x00000000f6200000,0x00000000faf00000)
 ParOldGen       total 321536K, used 171454K [0x00000000a0000000, 0x00000000b3a00000, 0x00000000e0000000)
  object space 321536K, 53% used [0x00000000a0000000,0x00000000aa76f998,0x00000000b3a00000)
 Metaspace       used 98868K, capacity 105505K, committed 105768K, reserved 1140736K
  class space    used 12653K, capacity 13794K, committed 13864K, reserved 1048576K
Event: 5312,443 GC heap after
Heap after GC invocations=48 (full 5):
 PSYoungGen      total 441344K, used 36405K [0x00000000e0000000, 0x00000000ffb80000, 0x0000000100000000)
  eden space 362496K, 0% used [0x00000000e0000000,0x00000000e0000000,0x00000000f6200000)
  from space 78848K, 46% used [0x00000000f6200000,0x00000000f858d478,0x00000000faf00000)
  to   space 74752K, 0% used [0x00000000fb280000,0x00000000fb280000,0x00000000ffb80000)
 ParOldGen       total 321536K, used 188964K [0x00000000a0000000, 0x00000000b3a00000, 0x00000000e0000000)
  object space 321536K, 58% used [0x00000000a0000000,0x00000000ab8890d0,0x00000000b3a00000)
 Metaspace       used 98868K, capacity 105505K, committed 105768K, reserved 1140736K
  class space    used 12653K, capacity 13794K, committed 13864K, reserved 1048576K
}
Event: 5384,649 GC heap before
{Heap before GC invocations=49 (full 5):
 PSYoungGen      total 441344K, used 398901K [0x00000000e0000000, 0x00000000ffb80000, 0x0000000100000000)
  eden space 362496K, 100% used [0x00000000e0000000,0x00000000f6200000,0x00000000f6200000)
  from space 78848K, 46% used [0x00000000f6200000,0x00000000f858d478,0x00000000faf00000)
  to   space 74752K, 0% used [0x00000000fb280000,0x00000000fb280000,0x00000000ffb80000)
 ParOldGen       total 321536K, used 188964K [0x00000000a0000000, 0x00000000b3a00000, 0x00000000e0000000)
  object space 321536K, 58% used [0x00000000a0000000,0x00000000ab8890d0,0x00000000b3a00000)
 Metaspace       used 98960K, capacity 105637K, committed 105768K, reserved 1140736K
  class space    used 12653K, capacity 13794K, committed 13864K, reserved 1048576K
Event: 5384,682 GC heap after
Heap after GC invocations=49 (full 5):
 PSYoungGen      total 444928K, used 15954K [0x00000000e0000000, 0x00000000ffc00000, 0x0000000100000000)
  eden space 370176K, 0% used [0x00000000e0000000,0x00000000e0000000,0x00000000f6980000)
  from space 74752K, 21% used [0x00000000fb280000,0x00000000fc214be8,0x00000000ffb80000)
  to   space 74752K, 0% used [0x00000000f6980000,0x00000000f6980000,0x00000000fb280000)
 ParOldGen       total 321536K, used 198460K [0x00000000a0000000, 0x00000000b3a00000, 0x00000000e0000000)
  object space 321536K, 61% used [0x00000000a0000000,0x00000000ac1cf240,0x00000000b3a00000)
 Metaspace       used 98960K, capacity 105637K, committed 105768K, reserved 1140736K
  class space    used 12653K, capacity 13794K, committed 13864K, reserved 1048576K
}
Event: 5429,086 GC heap before
{Heap before GC invocations=50 (full 5):
 PSYoungGen      total 444928K, used 386130K [0x00000000e0000000, 0x00000000ffc00000, 0x0000000100000000)
  eden space 370176K, 100% used [0x00000000e0000000,0x00000000f6980000,0x00000000f6980000)
  from space 74752K, 21% used [0x00000000fb280000,0x00000000fc214be8,0x00000000ffb80000)
  to   space 74752K, 0% used [0x00000000f6980000,0x00000000f6980000,0x00000000fb280000)
 ParOldGen       total 321536K, used 198460K [0x00000000a0000000, 0x00000000b3a00000, 0x00000000e0000000)
  object space 321536K, 61% used [0x00000000a0000000,0x00000000ac1cf240,0x00000000b3a00000)
 Metaspace       used 99094K, capacity 105765K, committed 106024K, reserved 1140736K
  class space    used 12654K, capacity 13794K, committed 13864K, reserved 1048576K
Event: 5429,122 GC heap after
Heap after GC invocations=50 (full 5):
 PSYoungGen      total 444928K, used 17149K [0x00000000e0000000, 0x00000000ffe00000, 0x0000000100000000)
  eden space 370176K, 0% used [0x00000000e0000000,0x00000000e0000000,0x00000000f6980000)
  from space 74752K, 22% used [0x00000000f6980000,0x00000000f7a3f520,0x00000000fb280000)
  to   space 73728K, 0% used [0x00000000fb600000,0x00000000fb600000,0x00000000ffe00000)
 ParOldGen       total 321536K, used 198850K [0x00000000a0000000, 0x00000000b3a00000, 0x00000000e0000000)
  object space 321536K, 61% used [0x00000000a0000000,0x00000000ac230938,0x00000000b3a00000)
 Metaspace       used 99094K, capacity 105765K, committed 106024K, reserved 1140736K
  class space    used 12654K, capacity 13794K, committed 13864K, reserved 1048576K
}
Event: 5433,344 GC heap before
{Heap before GC invocations=51 (full 5):
 PSYoungGen      total 444928K, used 387325K [0x00000000e0000000, 0x00000000ffe00000, 0x0000000100000000)
  eden space 370176K, 100% used [0x00000000e0000000,0x00000000f6980000,0x00000000f6980000)
  from space 74752K, 22% used [0x00000000f6980000,0x00000000f7a3f520,0x00000000fb280000)
  to   space 73728K, 0% used [0x00000000fb600000,0x00000000fb600000,0x00000000ffe00000)
 ParOldGen       total 321536K, used 198850K [0x00000000a0000000, 0x00000000b3a00000, 0x00000000e0000000)
  object space 321536K, 61% used [0x00000000a0000000,0x00000000ac230938,0x00000000b3a00000)
 Metaspace       used 99251K, capacity 105909K, committed 106024K, reserved 1140736K
  class space    used 12656K, capacity 13796K, committed 13864K, reserved 1048576K
Event: 5433,525 GC heap after
Heap after GC invocations=51 (full 5):
 PSYoungGen      total 429056K, used 72981K [0x00000000e0000000, 0x0000000100000000, 0x0000000100000000)
  eden space 355328K, 0% used [0x00000000e0000000,0x00000000e0000000,0x00000000f5b00000)
  from space 73728K, 98% used [0x00000000fb600000,0x00000000ffd45558,0x00000000ffe00000)
  to   space 84480K, 0% used [0x00000000f5b00000,0x00000000f5b00000,0x00000000fad80000)
 ParOldGen       total 321536K, used 202407K [0x00000000a0000000, 0x00000000b3a00000, 0x00000000e0000000)
  object space 321536K, 62% used [0x00000000a0000000,0x00000000ac5a9f08,0x00000000b3a00000)
 Metaspace       used 99251K, capacity 105909K, committed 106024K, reserved 1140736K
  class space    used 12656K, capacity 13796K, committed 13864K, reserved 1048576K
}
Event: 5435,112 GC heap before
{Heap before GC invocations=52 (full 5):
 PSYoungGen      total 429056K, used 428309K [0x00000000e0000000, 0x0000000100000000, 0x0000000100000000)
  eden space 355328K, 100% used [0x00000000e0000000,0x00000000f5b00000,0x00000000f5b00000)
  from space 73728K, 98% used [0x00000000fb600000,0x00000000ffd45558,0x00000000ffe00000)
  to   space 84480K, 0% used [0x00000000f5b00000,0x00000000f5b00000,0x00000000fad80000)
 ParOldGen       total 321536K, used 202407K [0x00000000a0000000, 0x00000000b3a00000, 0x00000000e0000000)
  object space 321536K, 62% used [0x00000000a0000000,0x00000000ac5a9f08,0x00000000b3a00000)
 Metaspace       used 99299K, capacity 105909K, committed 106024K, reserved 1140736K
  class space    used 12656K, capacity 13796K, committed 13864K, reserved 1048576K

