# JRE version: OpenJDK Runtime Environment (8.0_202) (build 1.8.0_202-release-1483-b49-5587405)
# Java VM: OpenJDK 64-Bit Server VM (25.202-b49-5587405 mixed mode linux-amd64 compressed oops)
Heap:
 PSYoungGen      total 132096K, used 32842K [0x00000000e0000000, 0x00000000ed100000, 0x0000000100000000)
  eden space 126976K, 21% used [0x00000000e0000000,0x00000000e1b12bc8,0x00000000e7c00000)
  from space 5120K, 100% used [0x00000000e7c00000,0x00000000e8100000,0x00000000e8100000)
  to   space 15360K, 0% used [0x00000000ec200000,0x00000000ec200000,0x00000000ed100000)
 ParOldGen       total 67072K, used 17744K [0x00000000a0000000, 0x00000000a4180000, 0x00000000e0000000)
  object space 67072K, 26% used [0x00000000a0000000,0x00000000a11543c0,0x00000000a4180000)
 Metaspace       used 32800K, capacity 33394K, committed 33664K, reserved 1079296K
  class space    used 4523K, capacity 4706K, committed 4736K, reserved 1048576K
GC Heap History (10 events):
Event: 1,384 GC heap before
{Heap before GC invocations=2 (full 0):
 PSYoungGen      total 36864K, used 35952K [0x00000000e0000000, 0x00000000e4800000, 0x0000000100000000)
  eden space 31744K, 100% used [0x00000000e0000000,0x00000000e1f00000,0x00000000e1f00000)
  from space 5120K, 82% used [0x00000000e1f00000,0x00000000e231c2f0,0x00000000e2400000)
  to   space 5120K, 0% used [0x00000000e4300000,0x00000000e4300000,0x00000000e4800000)
 ParOldGen       total 84992K, used 8K [0x00000000a0000000, 0x00000000a5300000, 0x00000000e0000000)
  object space 84992K, 0% used [0x00000000a0000000,0x00000000a0002000,0x00000000a5300000)
 Metaspace       used 8976K, capacity 9290K, committed 9472K, reserved 1056768K
  class space    used 1189K, capacity 1265K, committed 1280K, reserved 1048576K
Event: 1,389 GC heap after
Heap after GC invocations=2 (full 0):
 PSYoungGen      total 68608K, used 4513K [0x00000000e0000000, 0x00000000e4800000, 0x0000000100000000)
  eden space 63488K, 0% used [0x00000000e0000000,0x00000000e0000000,0x00000000e3e00000)
  from space 5120K, 88% used [0x00000000e4300000,0x00000000e47685c0,0x00000000e4800000)
  to   space 5120K, 0% used [0x00000000e3e00000,0x00000000e3e00000,0x00000000e4300000)
 ParOldGen       total 84992K, used 16K [0x00000000a0000000, 0x00000000a5300000, 0x00000000e0000000)
  object space 84992K, 0% used [0x00000000a0000000,0x00000000a0004000,0x00000000a5300000)
 Metaspace       used 8976K, capacity 9290K, committed 9472K, reserved 1056768K
  class space    used 1189K, capacity 1265K, committed 1280K, reserved 1048576K
}
Event: 2,297 GC heap before
{Heap before GC invocations=3 (full 0):
 PSYoungGen      total 68608K, used 68001K [0x00000000e0000000, 0x00000000e4800000, 0x0000000100000000)
  eden space 63488K, 100% used [0x00000000e0000000,0x00000000e3e00000,0x00000000e3e00000)
  from space 5120K, 88% used [0x00000000e4300000,0x00000000e47685c0,0x00000000e4800000)
  to   space 5120K, 0% used [0x00000000e3e00000,0x00000000e3e00000,0x00000000e4300000)
 ParOldGen       total 84992K, used 16K [0x00000000a0000000, 0x00000000a5300000, 0x00000000e0000000)
  object space 84992K, 0% used [0x00000000a0000000,0x00000000a0004000,0x00000000a5300000)
 Metaspace       used 15331K, capacity 15742K, committed 16000K, reserved 1062912K
  class space    used 2200K, capacity 2321K, committed 2432K, reserved 1048576K
Event: 2,321 GC heap after
Heap after GC invocations=3 (full 0):
 PSYoungGen      total 68608K, used 5088K [0x00000000e0000000, 0x00000000e8600000, 0x0000000100000000)
  eden space 63488K, 0% used [0x00000000e0000000,0x00000000e0000000,0x00000000e3e00000)
  from space 5120K, 99% used [0x00000000e3e00000,0x00000000e42f8030,0x00000000e4300000)
  to   space 5120K, 0% used [0x00000000e8100000,0x00000000e8100000,0x00000000e8600000)
 ParOldGen       total 84992K, used 5117K [0x00000000a0000000, 0x00000000a5300000, 0x00000000e0000000)
  object space 84992K, 6% used [0x00000000a0000000,0x00000000a04ff748,0x00000000a5300000)
 Metaspace       used 15331K, capacity 15742K, committed 16000K, reserved 1062912K
  class space    used 2200K, capacity 2321K, committed 2432K, reserved 1048576K
}
Event: 3,516 GC heap before
{Heap before GC invocations=4 (full 0):
 PSYoungGen      total 68608K, used 52784K [0x00000000e0000000, 0x00000000e8600000, 0x0000000100000000)
  eden space 63488K, 75% used [0x00000000e0000000,0x00000000e2e94128,0x00000000e3e00000)
  from space 5120K, 99% used [0x00000000e3e00000,0x00000000e42f8030,0x00000000e4300000)
  to   space 5120K, 0% used [0x00000000e8100000,0x00000000e8100000,0x00000000e8600000)
 ParOldGen       total 84992K, used 5117K [0x00000000a0000000, 0x00000000a5300000, 0x00000000e0000000)
  object space 84992K, 6% used [0x00000000a0000000,0x00000000a04ff748,0x00000000a5300000)
 Metaspace       used 20709K, capacity 21092K, committed 21248K, reserved 1067008K
  class space    used 2903K, capacity 3032K, committed 3072K, reserved 1048576K
Event: 3,548 GC heap after
Heap after GC invocations=4 (full 0):
 PSYoungGen      total 132096K, used 5092K [0x00000000e0000000, 0x00000000e8600000, 0x0000000100000000)
  eden space 126976K, 0% used [0x00000000e0000000,0x00000000e0000000,0x00000000e7c00000)
  from space 5120K, 99% used [0x00000000e8100000,0x00000000e85f9060,0x00000000e8600000)
  to   space 5120K, 0% used [0x00000000e7c00000,0x00000000e7c00000,0x00000000e8100000)
 ParOldGen       total 84992K, used 10814K [0x00000000a0000000, 0x00000000a5300000, 0x00000000e0000000)
  object space 84992K, 12% used [0x00000000a0000000,0x00000000a0a8fba8,0x00000000a5300000)
 Metaspace       used 20709K, capacity 21092K, committed 21248K, reserved 1067008K
  class space    used 2903K, capacity 3032K, committed 3072K, reserved 1048576K
}
Event: 3,548 GC heap before
{Heap before GC invocations=5 (full 1):
 PSYoungGen      total 132096K, used 5092K [0x00000000e0000000, 0x00000000e8600000, 0x0000000100000000)
  eden space 126976K, 0% used [0x00000000e0000000,0x00000000e0000000,0x00000000e7c00000)
  from space 5120K, 99% used [0x00000000e8100000,0x00000000e85f9060,0x00000000e8600000)
  to   space 5120K, 0% used [0x00000000e7c00000,0x00000000e7c00000,0x00000000e8100000)
 ParOldGen       total 84992K, used 10814K [0x00000000a0000000, 0x00000000a5300000, 0x00000000e0000000)
  object space 84992K, 12% used [0x00000000a0000000,0x00000000a0a8fba8,0x00000000a5300000)
 Metaspace       used 20709K, capacity 21092K, committed 21248K, reserved 1067008K
  class space    used 2903K, capacity 3032K, committed 3072K, reserved 1048576K
Event: 3,625 GC heap after
Heap after GC invocations=5 (full 1):
 PSYoungGen      total 132096K, used 0K [0x00000000e0000000, 0x00000000e8600000, 0x0000000100000000)
  eden space 126976K, 0% used [0x00000000e0000000,0x00000000e0000000,0x00000000e7c00000)
  from space 5120K, 0% used [0x00000000e8100000,0x00000000e8100000,0x00000000e8600000)
  to   space 5120K, 0% used [0x00000000e7c00000,0x00000000e7c00000,0x00000000e8100000)
 ParOldGen       total 67072K, used 10725K [0x00000000a0000000, 0x00000000a4180000, 0x00000000e0000000)
  object space 67072K, 15% used [0x00000000a0000000,0x00000000a0a794c0,0x00000000a4180000)
 Metaspace       used 20709K, capacity 21092K, committed 21248K, reserved 1067008K
  class space    used 2903K, capacity 3032K, committed 3072K, reserved 1048576K
}
Event: 6,478 GC heap before
{Heap before GC invocations=6 (full 1):
 PSYoungGen      total 132096K, used 126976K [0x00000000e0000000, 0x00000000e8600000, 0x0000000100000000)
  eden space 126976K, 100% used [0x00000000e0000000,0x00000000e7c00000,0x00000000e7c00000)
  from space 5120K, 0% used [0x00000000e8100000,0x00000000e8100000,0x00000000e8600000)
  to   space 5120K, 0% used [0x00000000e7c00000,0x00000000e7c00000,0x00000000e8100000)
 ParOldGen       total 67072K, used 10725K [0x00000000a0000000, 0x00000000a4180000, 0x00000000e0000000)
  object space 67072K, 15% used [0x00000000a0000000,0x00000000a0a794c0,0x00000000a4180000)
 Metaspace       used 31275K, capacity 31714K, committed 31872K, reserved 1077248K
  class space    used 4319K, capacity 4470K, committed 4480K, reserved 1048576K
Event: 6,509 GC heap after
Heap after GC invocations=6 (full 1):
 PSYoungGen      total 132096K, used 5120K [0x00000000e0000000, 0x00000000ed100000, 0x0000000100000000)
  eden space 126976K, 0% used [0x00000000e0000000,0x00000000e0000000,0x00000000e7c00000)
  from space 5120K, 100% used [0x00000000e7c00000,0x00000000e8100000,0x00000000e8100000)
  to   space 15360K, 0% used [0x00000000ec200000,0x00000000ec200000,0x00000000ed100000)
 ParOldGen       total 67072K, used 17744K [0x00000000a0000000, 0x00000000a4180000, 0x00000000e0000000)
  object space 67072K, 26% used [0x00000000a0000000,0x00000000a11543c0,0x00000000a4180000)
 Metaspace       used 31275K, capacity 31714K, committed 31872K, reserved 1077248K
  class space    used 4319K, capacity 4470K, committed 4480K, reserved 1048576K
}

