# JRE version: OpenJDK Runtime Environment (8.0_202) (build 1.8.0_202-release-1483-b49-5587405)
# Java VM: OpenJDK 64-Bit Server VM (25.202-b49-5587405 mixed mode linux-amd64 compressed oops)
Heap:
 PSYoungGen      total 225792K, used 188127K [0x00000000e0000000, 0x00000000eee80000, 0x0000000100000000)
  eden space 208896K, 90% used [0x00000000e0000000,0x00000000eb7b7d30,0x00000000ecc00000)
  from space 16896K, 0% used [0x00000000edc00000,0x00000000edc00000,0x00000000eec80000)
  to   space 16384K, 0% used [0x00000000ecc00000,0x00000000ecc00000,0x00000000edc00000)
 ParOldGen       total 91648K, used 18202K [0x00000000a0000000, 0x00000000a5980000, 0x00000000e0000000)
  object space 91648K, 19% used [0x00000000a0000000,0x00000000a11c68f0,0x00000000a5980000)
 Metaspace       used 49804K, capacity 51526K, committed 51752K, reserved 1093632K
  class space    used 6760K, capacity 7179K, committed 7208K, reserved 1048576K
GC Heap History (10 events):
Event: 4,863 GC heap before
{Heap before GC invocations=4 (full 0):
 PSYoungGen      total 68608K, used 59955K [0x00000000e0000000, 0x00000000e8600000, 0x0000000100000000)
  eden space 63488K, 86% used [0x00000000e0000000,0x00000000e3594dc0,0x00000000e3e00000)
  from space 5120K, 99% used [0x00000000e3e00000,0x00000000e42f8030,0x00000000e4300000)
  to   space 5120K, 0% used [0x00000000e8100000,0x00000000e8100000,0x00000000e8600000)
 ParOldGen       total 84992K, used 4937K [0x00000000a0000000, 0x00000000a5300000, 0x00000000e0000000)
  object space 84992K, 5% used [0x00000000a0000000,0x00000000a04d27e8,0x00000000a5300000)
 Metaspace       used 20701K, capacity 21186K, committed 21296K, reserved 1067008K
  class space    used 2948K, capacity 3128K, committed 3200K, reserved 1048576K
Event: 4,874 GC heap after
Heap after GC invocations=4 (full 0):
 PSYoungGen      total 132096K, used 5093K [0x00000000e0000000, 0x00000000e8600000, 0x0000000100000000)
  eden space 126976K, 0% used [0x00000000e0000000,0x00000000e0000000,0x00000000e7c00000)
  from space 5120K, 99% used [0x00000000e8100000,0x00000000e85f9608,0x00000000e8600000)
  to   space 5120K, 0% used [0x00000000e7c00000,0x00000000e7c00000,0x00000000e8100000)
 ParOldGen       total 84992K, used 11522K [0x00000000a0000000, 0x00000000a5300000, 0x00000000e0000000)
  object space 84992K, 13% used [0x00000000a0000000,0x00000000a0b40ab8,0x00000000a5300000)
 Metaspace       used 20701K, capacity 21186K, committed 21296K, reserved 1067008K
  class space    used 2948K, capacity 3128K, committed 3200K, reserved 1048576K
}
Event: 4,874 GC heap before
{Heap before GC invocations=5 (full 1):
 PSYoungGen      total 132096K, used 5093K [0x00000000e0000000, 0x00000000e8600000, 0x0000000100000000)
  eden space 126976K, 0% used [0x00000000e0000000,0x00000000e0000000,0x00000000e7c00000)
  from space 5120K, 99% used [0x00000000e8100000,0x00000000e85f9608,0x00000000e8600000)
  to   space 5120K, 0% used [0x00000000e7c00000,0x00000000e7c00000,0x00000000e8100000)
 ParOldGen       total 84992K, used 11522K [0x00000000a0000000, 0x00000000a5300000, 0x00000000e0000000)
  object space 84992K, 13% used [0x00000000a0000000,0x00000000a0b40ab8,0x00000000a5300000)
 Metaspace       used 20701K, capacity 21186K, committed 21296K, reserved 1067008K
  class space    used 2948K, capacity 3128K, committed 3200K, reserved 1048576K
Event: 4,917 GC heap after
Heap after GC invocations=5 (full 1):
 PSYoungGen      total 132096K, used 0K [0x00000000e0000000, 0x00000000e8600000, 0x0000000100000000)
  eden space 126976K, 0% used [0x00000000e0000000,0x00000000e0000000,0x00000000e7c00000)
  from space 5120K, 0% used [0x00000000e8100000,0x00000000e8100000,0x00000000e8600000)
  to   space 5120K, 0% used [0x00000000e7c00000,0x00000000e7c00000,0x00000000e8100000)
 ParOldGen       total 61952K, used 11517K [0x00000000a0000000, 0x00000000a3c80000, 0x00000000e0000000)
  object space 61952K, 18% used [0x00000000a0000000,0x00000000a0b3f5d0,0x00000000a3c80000)
 Metaspace       used 20701K, capacity 21186K, committed 21296K, reserved 1067008K
  class space    used 2948K, capacity 3128K, committed 3200K, reserved 1048576K
}
Event: 7,905 GC heap before
{Heap before GC invocations=6 (full 1):
 PSYoungGen      total 132096K, used 126976K [0x00000000e0000000, 0x00000000e8600000, 0x0000000100000000)
  eden space 126976K, 100% used [0x00000000e0000000,0x00000000e7c00000,0x00000000e7c00000)
  from space 5120K, 0% used [0x00000000e8100000,0x00000000e8100000,0x00000000e8600000)
  to   space 5120K, 0% used [0x00000000e7c00000,0x00000000e7c00000,0x00000000e8100000)
 ParOldGen       total 61952K, used 11517K [0x00000000a0000000, 0x00000000a3c80000, 0x00000000e0000000)
  object space 61952K, 18% used [0x00000000a0000000,0x00000000a0b3f5d0,0x00000000a3c80000)
 Metaspace       used 31528K, capacity 32134K, committed 32384K, reserved 1077248K
  class space    used 4428K, capacity 4628K, committed 4736K, reserved 1048576K
Event: 7,920 GC heap after
Heap after GC invocations=6 (full 1):
 PSYoungGen      total 132096K, used 5120K [0x00000000e0000000, 0x00000000eec80000, 0x0000000100000000)
  eden space 126976K, 0% used [0x00000000e0000000,0x00000000e0000000,0x00000000e7c00000)
  from space 5120K, 100% used [0x00000000e7c00000,0x00000000e8100000,0x00000000e8100000)
  to   space 16896K, 0% used [0x00000000edc00000,0x00000000edc00000,0x00000000eec80000)
 ParOldGen       total 61952K, used 20076K [0x00000000a0000000, 0x00000000a3c80000, 0x00000000e0000000)
  object space 61952K, 32% used [0x00000000a0000000,0x00000000a139b1b8,0x00000000a3c80000)
 Metaspace       used 31528K, capacity 32134K, committed 32384K, reserved 1077248K
  class space    used 4428K, capacity 4628K, committed 4736K, reserved 1048576K
}
Event: 10,251 GC heap before
{Heap before GC invocations=7 (full 1):
 PSYoungGen      total 132096K, used 61554K [0x00000000e0000000, 0x00000000eec80000, 0x0000000100000000)
  eden space 126976K, 44% used [0x00000000e0000000,0x00000000e371cbb8,0x00000000e7c00000)
  from space 5120K, 100% used [0x00000000e7c00000,0x00000000e8100000,0x00000000e8100000)
  to   space 16896K, 0% used [0x00000000edc00000,0x00000000edc00000,0x00000000eec80000)
 ParOldGen       total 61952K, used 20076K [0x00000000a0000000, 0x00000000a3c80000, 0x00000000e0000000)
  object space 61952K, 32% used [0x00000000a0000000,0x00000000a139b1b8,0x00000000a3c80000)
 Metaspace       used 34474K, capacity 35468K, committed 35496K, reserved 1079296K
  class space    used 4765K, capacity 5007K, committed 5032K, reserved 1048576K
Event: 10,306 GC heap after
Heap after GC invocations=7 (full 1):
 PSYoungGen      total 225792K, used 9914K [0x00000000e0000000, 0x00000000eee80000, 0x0000000100000000)
  eden space 208896K, 0% used [0x00000000e0000000,0x00000000e0000000,0x00000000ecc00000)
  from space 16896K, 58% used [0x00000000edc00000,0x00000000ee5aeb20,0x00000000eec80000)
  to   space 16384K, 0% used [0x00000000ecc00000,0x00000000ecc00000,0x00000000edc00000)
 ParOldGen       total 61952K, used 20084K [0x00000000a0000000, 0x00000000a3c80000, 0x00000000e0000000)
  object space 61952K, 32% used [0x00000000a0000000,0x00000000a139d1b8,0x00000000a3c80000)
 Metaspace       used 34474K, capacity 35468K, committed 35496K, reserved 1079296K
  class space    used 4765K, capacity 5007K, committed 5032K, reserved 1048576K
}
Event: 10,306 GC heap before
{Heap before GC invocations=8 (full 2):
 PSYoungGen      total 225792K, used 9914K [0x00000000e0000000, 0x00000000eee80000, 0x0000000100000000)
  eden space 208896K, 0% used [0x00000000e0000000,0x00000000e0000000,0x00000000ecc00000)
  from space 16896K, 58% used [0x00000000edc00000,0x00000000ee5aeb20,0x00000000eec80000)
  to   space 16384K, 0% used [0x00000000ecc00000,0x00000000ecc00000,0x00000000edc00000)
 ParOldGen       total 61952K, used 20084K [0x00000000a0000000, 0x00000000a3c80000, 0x00000000e0000000)
  object space 61952K, 32% used [0x00000000a0000000,0x00000000a139d1b8,0x00000000a3c80000)
 Metaspace       used 34474K, capacity 35468K, committed 35496K, reserved 1079296K
  class space    used 4765K, capacity 5007K, committed 5032K, reserved 1048576K
Event: 10,438 GC heap after
Heap after GC invocations=8 (full 2):
 PSYoungGen      total 225792K, used 0K [0x00000000e0000000, 0x00000000eee80000, 0x0000000100000000)
  eden space 208896K, 0% used [0x00000000e0000000,0x00000000e0000000,0x00000000ecc00000)
  from space 16896K, 0% used [0x00000000edc00000,0x00000000edc00000,0x00000000eec80000)
  to   space 16384K, 0% used [0x00000000ecc00000,0x00000000ecc00000,0x00000000edc00000)
 ParOldGen       total 91648K, used 18202K [0x00000000a0000000, 0x00000000a5980000, 0x00000000e0000000)
  object space 91648K, 19% used [0x00000000a0000000,0x00000000a11c68f0,0x00000000a5980000)
 Metaspace       used 34469K, capacity 35450K, committed 35496K, reserved 1079296K
  class space    used 4764K, capacity 5004K, committed 5032K, reserved 1048576K
}

